Using pre-set license
Built from '2020.3/release' branch; Version is '2020.3.2f1 (8fd9074bf66c) revision 9427207'; Using compiler version '192528614'; Build Type 'Release'
OS: 'Windows 10 Home; OS build 18363.1440; Version 1909; 64bit' Language: 'en' Physical Memory: 16320 MB
BatchMode: 1, IsHumanControllingUs: 0, StartBugReporterOnCrash: 0, Is64bit: 1, IsPro: 0

 COMMAND LINE ARGUMENTS:
C:\Program Files\Unity\Hub\Editor\2020.3.2f1\Editor\Unity.exe
-adb2
-batchMode
-noUpm
-name
AssetImportWorker0
-projectPath
C:/Users/parro/source/repos/AudioFinalProject/game/Sunset Heights
-logFile
Logs/AssetImportWorker0.log
-srvPort
52124
Successfully changed project path to: C:/Users/parro/source/repos/AudioFinalProject/game/Sunset Heights
C:/Users/parro/source/repos/AudioFinalProject/game/Sunset Heights
Using Asset Import Pipeline V2.
Refreshing native plugins compatible for Editor in 36.48 ms, found 1 plugins.
Preloading 0 native plugins for Editor in 0.00 ms.
Initialize engine version: 2020.3.2f1 (8fd9074bf66c)
[Subsystems] Discovering subsystems at path C:/Program Files/Unity/Hub/Editor/2020.3.2f1/Editor/Data/Resources/UnitySubsystems
[Subsystems] Discovering subsystems at path C:/Users/parro/source/repos/AudioFinalProject/game/Sunset Heights/Assets
GfxDevice: creating device client; threaded=0
Direct3D:
    Version:  Direct3D 11.0 [level 11.1]
    Renderer: NVIDIA GeForce GTX TITAN X (ID=0x17c2)
    Vendor:   
    VRAM:     12239 MB
    Driver:   27.21.14.6192
Initialize mono
Mono path[0] = 'C:/Program Files/Unity/Hub/Editor/2020.3.2f1/Editor/Data/Managed'
Mono path[1] = 'C:/Program Files/Unity/Hub/Editor/2020.3.2f1/Editor/Data/MonoBleedingEdge/lib/mono/unityjit'
Mono config path = 'C:/Program Files/Unity/Hub/Editor/2020.3.2f1/Editor/Data/MonoBleedingEdge/etc'
Using monoOptions --debugger-agent=transport=dt_socket,embedding=1,server=y,suspend=n,address=127.0.0.1:56376
Begin MonoManager ReloadAssembly
Registering precompiled unity dll's ...
Register platform support module: C:/Program Files/Unity/Hub/Editor/2020.3.2f1/Editor/Data/PlaybackEngines/WindowsStandaloneSupport/UnityEditor.WindowsStandalone.Extensions.dll
Registered in 0.001938 seconds.
Native extension for WindowsStandalone target not found
Refreshing native plugins compatible for Editor in 34.34 ms, found 1 plugins.
Preloading 0 native plugins for Editor in 0.00 ms.
Unable to find bridge dll in registry for Microsoft Visual Studio Tools for Unity for C:/Program Files (x86)/Microsoft Visual Studio/2019/Community/Common7/IDE/devenv.exe
Invoked RoslynAnalysisRunner static constructor.
RoslynAnalysisRunner will not be running.
RoslynAnalysisRunner has terminated.
Mono: successfully reloaded assembly
- Completed reload, in  1.100 seconds
Platform modules already initialized, skipping
Registering precompiled user dll's ...
Registered in 0.001061 seconds.
Begin MonoManager ReloadAssembly
Native extension for WindowsStandalone target not found
Refreshing native plugins compatible for Editor in 34.78 ms, found 1 plugins.
Preloading 0 native plugins for Editor in 0.00 ms.
Invoked RoslynAnalysisRunner static constructor.
RoslynAnalysisRunner will not be running.
RoslynAnalysisRunner has terminated.
Mono: successfully reloaded assembly
- Completed reload, in  0.942 seconds
Platform modules already initialized, skipping
========================================================================
Worker process is ready to serve import requests
Launched and connected shader compiler UnityShaderCompiler.exe after 0.05 seconds
Refreshing native plugins compatible for Editor in 0.32 ms, found 1 plugins.
Preloading 0 native plugins for Editor in 0.00 ms.
Unloading 1808 Unused Serialized files (Serialized files now loaded: 0)
System memory in use before: 84.8 MB.
System memory in use after: 84.7 MB.

Unloading 24 unused Assets to reduce memory usage. Loaded Objects now: 2250.
Total: 2.165700 ms (FindLiveObjects: 0.167800 ms CreateObjectMapping: 0.069300 ms MarkObjects: 1.806200 ms  DeleteObjects: 0.121600 ms)

========================================================================
Received Import Request.
  path: Assets/Prefabs/Player.prefab
  artifactKey: Guid(920ec75d5d8aae648b928a4b141e6d09) Importer(815301076,1909f56bfc062723c751e8b465ee728b)
Start importing Assets/Prefabs/Player.prefab using Guid(920ec75d5d8aae648b928a4b141e6d09) Importer(815301076,1909f56bfc062723c751e8b465ee728b)  -> (artifact id: 'b5d0aff21e10aff625976ba30f0319bd') in 0.103283 seconds
  Import took 0.106701 seconds .

========================================================================
Received Import Request.
  Time since last request: 1.251461 seconds.
  path: Assets/Prefabs/Player.prefab
  artifactKey: Guid(920ec75d5d8aae648b928a4b141e6d09) Importer(815301076,1909f56bfc062723c751e8b465ee728b)
Start importing Assets/Prefabs/Player.prefab using Guid(920ec75d5d8aae648b928a4b141e6d09) Importer(815301076,1909f56bfc062723c751e8b465ee728b)  -> (artifact id: 'd602d20a935e457b9c5fba4b190e14d7') in 0.007476 seconds
  Import took 0.010733 seconds .

========================================================================
Received Import Request.
  Time since last request: 0.018302 seconds.
  path: Assets/Prefabs/Player.prefab
  artifactKey: Guid(920ec75d5d8aae648b928a4b141e6d09) Importer(815301076,1909f56bfc062723c751e8b465ee728b)
Start importing Assets/Prefabs/Player.prefab using Guid(920ec75d5d8aae648b928a4b141e6d09) Importer(815301076,1909f56bfc062723c751e8b465ee728b)  -> (artifact id: 'd602d20a935e457b9c5fba4b190e14d7') in 0.006685 seconds
  Import took 0.009543 seconds .

========================================================================
Received Import Request.
  Time since last request: 6.000080 seconds.
  path: Assets/Prefabs/Player.prefab
  artifactKey: Guid(920ec75d5d8aae648b928a4b141e6d09) Importer(815301076,1909f56bfc062723c751e8b465ee728b)
Start importing Assets/Prefabs/Player.prefab using Guid(920ec75d5d8aae648b928a4b141e6d09) Importer(815301076,1909f56bfc062723c751e8b465ee728b)  -> (artifact id: 'faf8cc3c22ce024a399de57a990fd7ec') in 0.007356 seconds
  Import took 0.010780 seconds .

========================================================================
Received Import Request.
  Time since last request: 0.008863 seconds.
  path: Assets/Prefabs/Player.prefab
  artifactKey: Guid(920ec75d5d8aae648b928a4b141e6d09) Importer(815301076,1909f56bfc062723c751e8b465ee728b)
Start importing Assets/Prefabs/Player.prefab using Guid(920ec75d5d8aae648b928a4b141e6d09) Importer(815301076,1909f56bfc062723c751e8b465ee728b)  -> (artifact id: 'faf8cc3c22ce024a399de57a990fd7ec') in 0.007453 seconds
  Import took 0.010636 seconds .

========================================================================
Received Prepare
Registering precompiled user dll's ...
Registered in 0.001275 seconds.
Begin MonoManager ReloadAssembly
Native extension for WindowsStandalone target not found
Refreshing native plugins compatible for Editor in 0.33 ms, found 1 plugins.
Preloading 0 native plugins for Editor in 0.00 ms.
Invoked RoslynAnalysisRunner static constructor.
RoslynAnalysisRunner will not be running.
RoslynAnalysisRunner has terminated.
Mono: successfully reloaded assembly
- Completed reload, in  0.825 seconds
Platform modules already initialized, skipping
Refreshing native plugins compatible for Editor in 0.34 ms, found 1 plugins.
Preloading 0 native plugins for Editor in 0.00 ms.
Unloading 1803 Unused Serialized files (Serialized files now loaded: 0)
System memory in use before: 87.9 MB.
System memory in use after: 87.8 MB.

Unloading 12 unused Assets to reduce memory usage. Loaded Objects now: 2261.
Total: 1.954000 ms (FindLiveObjects: 0.162700 ms CreateObjectMapping: 0.065000 ms MarkObjects: 1.582700 ms  DeleteObjects: 0.142500 ms)

========================================================================
Received Prepare
Registering precompiled user dll's ...
Registered in 0.001106 seconds.
Begin MonoManager ReloadAssembly
Native extension for WindowsStandalone target not found
Refreshing native plugins compatible for Editor in 0.35 ms, found 1 plugins.
Preloading 0 native plugins for Editor in 0.00 ms.
Invoked RoslynAnalysisRunner static constructor.
RoslynAnalysisRunner will not be running.
RoslynAnalysisRunner has terminated.
Mono: successfully reloaded assembly
- Completed reload, in  0.824 seconds
Platform modules already initialized, skipping
Refreshing native plugins compatible for Editor in 0.32 ms, found 1 plugins.
Preloading 0 native plugins for Editor in 0.00 ms.
Unloading 1803 Unused Serialized files (Serialized files now loaded: 0)
System memory in use before: 87.9 MB.
System memory in use after: 87.9 MB.

Unloading 12 unused Assets to reduce memory usage. Loaded Objects now: 2265.
Total: 6.927200 ms (FindLiveObjects: 0.535100 ms CreateObjectMapping: 0.260200 ms MarkObjects: 5.797000 ms  DeleteObjects: 0.330400 ms)

========================================================================
Received Prepare
Registering precompiled user dll's ...
Registered in 0.002360 seconds.
Begin MonoManager ReloadAssembly
Native extension for WindowsStandalone target not found
Refreshing native plugins compatible for Editor in 0.42 ms, found 1 plugins.
Preloading 0 native plugins for Editor in 0.00 ms.
Invalid AssetDatabase path: /Editor/EditorResources/cm_logo_sm.png. Use path relative to the project folder.
UnityEngine.StackTraceUtility:ExtractStackTrace ()
UnityEditor.AssetDatabase:LoadAssetAtPath<UnityEngine.Texture2D> (string)
Cinemachine.Editor.CinemachineSettings:get_CinemachineLogoTexture () (at Library/PackageCache/com.unity.cinemachine@2.6.3/Editor/Windows/CinemachineSettings.cs:205)
Cinemachine.Editor.CinemachineSettings:.cctor () (at Library/PackageCache/com.unity.cinemachine@2.6.3/Editor/Windows/CinemachineSettings.cs:237)
Cinemachine.CinemachineColliderPrefs:.cctor () (at Library/PackageCache/com.unity.cinemachine@2.6.3/Editor/Windows/CinemachineColliderPrefs.cs:61)
System.Runtime.CompilerServices.RuntimeHelpers:RunClassConstructor (System.RuntimeTypeHandle)
UnityEditor.EditorAssemblies:ProcessInitializeOnLoadAttributes (System.Type[])

[Library/PackageCache/com.unity.cinemachine@2.6.3/Editor/Windows/CinemachineSettings.cs line 205]

[ScriptCompilation] NOT recompiling all scripts because this is an import worker process. Reason to compile was: Define symbols changed
Invoked RoslynAnalysisRunner static constructor.
RoslynAnalysisRunner will not be running.
RoslynAnalysisRunner has terminated.
Mono: successfully reloaded assembly
- Completed reload, in  0.919 seconds
Platform modules already initialized, skipping
Refreshing native plugins compatible for Editor in 0.42 ms, found 1 plugins.
Preloading 0 native plugins for Editor in 0.00 ms.
Unloading 2256 Unused Serialized files (Serialized files now loaded: 0)
System memory in use before: 105.7 MB.
System memory in use after: 103.7 MB.

Unloading 41 unused Assets to reduce memory usage. Loaded Objects now: 2693.
Total: 2.885600 ms (FindLiveObjects: 0.251400 ms CreateObjectMapping: 0.105300 ms MarkObjects: 1.868400 ms  DeleteObjects: 0.659300 ms)

========================================================================
Received Prepare
Registering precompiled user dll's ...
Registered in 0.002562 seconds.
Begin MonoManager ReloadAssembly
Native extension for WindowsStandalone target not found
Refreshing native plugins compatible for Editor in 0.62 ms, found 1 plugins.
Preloading 0 native plugins for Editor in 0.00 ms.
[ScriptCompilation] NOT recompiling all scripts because this is an import worker process. Reason to compile was: Define symbols changed
Invoked RoslynAnalysisRunner static constructor.
RoslynAnalysisRunner will not be running.
RoslynAnalysisRunner has terminated.
Mono: successfully reloaded assembly
- Completed reload, in  1.593 seconds
Platform modules already initialized, skipping
Refreshing native plugins compatible for Editor in 0.40 ms, found 1 plugins.
Preloading 0 native plugins for Editor in 0.00 ms.
Unloading 2257 Unused Serialized files (Serialized files now loaded: 0)
System memory in use before: 105.9 MB.
System memory in use after: 103.9 MB.

Unloading 42 unused Assets to reduce memory usage. Loaded Objects now: 2698.
Total: 2.829900 ms (FindLiveObjects: 0.259000 ms CreateObjectMapping: 0.122300 ms MarkObjects: 1.772600 ms  DeleteObjects: 0.674800 ms)

========================================================================
Received Prepare
Registering precompiled user dll's ...
Registered in 0.002230 seconds.
Begin MonoManager ReloadAssembly
Native extension for WindowsStandalone target not found
Refreshing native plugins compatible for Editor in 0.51 ms, found 1 plugins.
Preloading 0 native plugins for Editor in 0.00 ms.
Invoked RoslynAnalysisRunner static constructor.
RoslynAnalysisRunner will not be running.
RoslynAnalysisRunner has terminated.
Mono: successfully reloaded assembly
- Completed reload, in  1.002 seconds
Platform modules already initialized, skipping
Shader 'TextMeshPro/Distance Field': fallback shader 'TextMeshPro/Mobile/Distance Field' not found
Refreshing native plugins compatible for Editor in 0.43 ms, found 1 plugins.
Preloading 0 native plugins for Editor in 0.00 ms.
Unloading 2313 Unused Serialized files (Serialized files now loaded: 0)
System memory in use before: 108.8 MB.
System memory in use after: 106.2 MB.

Unloading 54 unused Assets to reduce memory usage. Loaded Objects now: 2747.
Total: 3.096300 ms (FindLiveObjects: 0.245600 ms CreateObjectMapping: 0.114200 ms MarkObjects: 1.848700 ms  DeleteObjects: 0.886600 ms)

========================================================================
Received Prepare
Registering precompiled user dll's ...
Registered in 0.001655 seconds.
Begin MonoManager ReloadAssembly
Native extension for WindowsStandalone target not found
Refreshing native plugins compatible for Editor in 0.44 ms, found 1 plugins.
Preloading 0 native plugins for Editor in 0.00 ms.
Invoked RoslynAnalysisRunner static constructor.
RoslynAnalysisRunner will not be running.
RoslynAnalysisRunner has terminated.
Mono: successfully reloaded assembly
- Completed reload, in  0.836 seconds
Platform modules already initialized, skipping
Refreshing native plugins compatible for Editor in 0.44 ms, found 1 plugins.
Preloading 0 native plugins for Editor in 0.00 ms.
Unloading 2313 Unused Serialized files (Serialized files now loaded: 0)
System memory in use before: 108.8 MB.
System memory in use after: 106.3 MB.

Unloading 54 unused Assets to reduce memory usage. Loaded Objects now: 2751.
Total: 6.910100 ms (FindLiveObjects: 0.493000 ms CreateObjectMapping: 0.303300 ms MarkObjects: 4.276200 ms  DeleteObjects: 1.835300 ms)

========================================================================
Received Import Request.
  Time since last request: 516.686267 seconds.
  path: Assets/Prefabs/Button.prefab
  artifactKey: Guid(7177f94ecf0cf1043a4790c439edbad6) Importer(815301076,1909f56bfc062723c751e8b465ee728b)
Start importing Assets/Prefabs/Button.prefab using Guid(7177f94ecf0cf1043a4790c439edbad6) Importer(815301076,1909f56bfc062723c751e8b465ee728b)  -> (artifact id: '9c6fdac06cd510c26c7097cca6126c72') in 0.086464 seconds
  Import took 0.090257 seconds .

========================================================================
Received Import Request.
  Time since last request: 0.000237 seconds.
  path: Assets/Prefabs/UI Canvas.prefab
  artifactKey: Guid(9a1bd12ebb35d4dc997aa0c5494eda9b) Importer(815301076,1909f56bfc062723c751e8b465ee728b)
Start importing Assets/Prefabs/UI Canvas.prefab using Guid(9a1bd12ebb35d4dc997aa0c5494eda9b) Importer(815301076,1909f56bfc062723c751e8b465ee728b)  -> (artifact id: '8e60713f2f590465a8f60c2bad109c33') in 0.032664 seconds
  Import took 0.036040 seconds .

========================================================================
Received Import Request.
  Time since last request: 0.000266 seconds.
  path: Assets/Prefabs/Player.prefab
  artifactKey: Guid(7d60c822c3f1b408ea7a00ecdb5e047a) Importer(815301076,1909f56bfc062723c751e8b465ee728b)
Start importing Assets/Prefabs/Player.prefab using Guid(7d60c822c3f1b408ea7a00ecdb5e047a) Importer(815301076,1909f56bfc062723c751e8b465ee728b)  -> (artifact id: '6b67f618d3c0b6ac885a6a3c4f5e606c') in 0.050096 seconds
  Import took 0.053466 seconds .

========================================================================
Received Import Request.
  Time since last request: 0.000266 seconds.
  path: Assets/Prefabs/Enemy.prefab
  artifactKey: Guid(f158aa2be3df6489185ef721f6fd79c1) Importer(815301076,1909f56bfc062723c751e8b465ee728b)
Start importing Assets/Prefabs/Enemy.prefab using Guid(f158aa2be3df6489185ef721f6fd79c1) Importer(815301076,1909f56bfc062723c751e8b465ee728b)  -> (artifact id: '6c856cfec5c1519de0b0d8708e54546d') in 0.013515 seconds
  Import took 0.016710 seconds .

========================================================================
Received Import Request.
  Time since last request: 0.000261 seconds.
  path: Assets/Prefabs/TilePalette.prefab
  artifactKey: Guid(c02c4165d21a0fd488455befe67d7aac) Importer(815301076,1909f56bfc062723c751e8b465ee728b)
Start importing Assets/Prefabs/TilePalette.prefab using Guid(c02c4165d21a0fd488455befe67d7aac) Importer(815301076,1909f56bfc062723c751e8b465ee728b)  -> (artifact id: '2d317d467a181011639070bf2a38a6da') in 0.005067 seconds
  Import took 0.008023 seconds .

========================================================================
Received Import Request.
  Time since last request: 0.000241 seconds.
  path: Assets/Prefabs/CinemachineConfiner.prefab
  artifactKey: Guid(6f545478bd0fb7a478ed6f674a5210f5) Importer(815301076,1909f56bfc062723c751e8b465ee728b)
Start importing Assets/Prefabs/CinemachineConfiner.prefab using Guid(6f545478bd0fb7a478ed6f674a5210f5) Importer(815301076,1909f56bfc062723c751e8b465ee728b)  -> (artifact id: '2b23352ee80f6df56951f84256c4530e') in 0.004272 seconds
  Import took 0.007355 seconds .

========================================================================
Received Import Request.
  Time since last request: 0.012553 seconds.
  path: Assets/Prefabs/CinemachineConfiner.prefab
  artifactKey: Guid(6f545478bd0fb7a478ed6f674a5210f5) Importer(815301076,1909f56bfc062723c751e8b465ee728b)
Start importing Assets/Prefabs/CinemachineConfiner.prefab using Guid(6f545478bd0fb7a478ed6f674a5210f5) Importer(815301076,1909f56bfc062723c751e8b465ee728b)  -> (artifact id: '2b23352ee80f6df56951f84256c4530e') in 0.004098 seconds
  Import took 0.007544 seconds .

========================================================================
Received Prepare
Registering precompiled user dll's ...
Registered in 0.002182 seconds.
Begin MonoManager ReloadAssembly
Native extension for WindowsStandalone target not found
Refreshing native plugins compatible for Editor in 0.86 ms, found 1 plugins.
Preloading 0 native plugins for Editor in 0.00 ms.
Invoked RoslynAnalysisRunner static constructor.
RoslynAnalysisRunner will not be running.
RoslynAnalysisRunner has terminated.
Mono: successfully reloaded assembly
- Completed reload, in  1.162 seconds
Platform modules already initialized, skipping
Refreshing native plugins compatible for Editor in 0.53 ms, found 1 plugins.
Preloading 0 native plugins for Editor in 0.00 ms.
Unloading 2313 Unused Serialized files (Serialized files now loaded: 0)
System memory in use before: 108.9 MB.
System memory in use after: 106.4 MB.

Unloading 54 unused Assets to reduce memory usage. Loaded Objects now: 2756.
Total: 3.596600 ms (FindLiveObjects: 0.300200 ms CreateObjectMapping: 0.181200 ms MarkObjects: 1.959100 ms  DeleteObjects: 1.154600 ms)

========================================================================
Received Import Request.
  Time since last request: 258.971877 seconds.
  path: Assets/Audio
  artifactKey: Guid(2c936b9f658e245b08d487aa1090faab) Importer(815301076,1909f56bfc062723c751e8b465ee728b)
Start importing Assets/Audio using Guid(2c936b9f658e245b08d487aa1090faab) Importer(815301076,1909f56bfc062723c751e8b465ee728b)  -> (artifact id: 'af45d03cfabbfdc53057393c0b1b9add') in 0.006686 seconds
  Import took 0.010481 seconds .

========================================================================
Received Import Request.
  Time since last request: 1.148780 seconds.
  path: Assets/Character
  artifactKey: Guid(c4775ffb6d1eb47dcae609c01ce27351) Importer(815301076,1909f56bfc062723c751e8b465ee728b)
Start importing Assets/Character using Guid(c4775ffb6d1eb47dcae609c01ce27351) Importer(815301076,1909f56bfc062723c751e8b465ee728b)  -> (artifact id: '0f4b1b36c9d7e80756ba8d2feccd3e09') in 0.003608 seconds
  Import took 0.007471 seconds .

========================================================================
Received Import Request.
  Time since last request: 0.894170 seconds.
  path: Assets/Documentation
  artifactKey: Guid(d612b2006e5c9467d8ea6b293ead1c66) Importer(815301076,1909f56bfc062723c751e8b465ee728b)
Start importing Assets/Documentation using Guid(d612b2006e5c9467d8ea6b293ead1c66) Importer(815301076,1909f56bfc062723c751e8b465ee728b)  -> (artifact id: '7ab0ed7fdab67f7ab180b58779ffdc35') in 0.004422 seconds
  Import took 0.008806 seconds .

========================================================================
Received Import Request.
  Time since last request: 4.650785 seconds.
  path: Assets/Tiles
  artifactKey: Guid(984d5fbd0bda8b146921966510c603fe) Importer(815301076,1909f56bfc062723c751e8b465ee728b)
Start importing Assets/Tiles using Guid(984d5fbd0bda8b146921966510c603fe) Importer(815301076,1909f56bfc062723c751e8b465ee728b)  -> (artifact id: 'ebcef4a0b4d0bd9b05ff57db4947d604') in 0.003211 seconds
  Import took 0.006701 seconds .

========================================================================
Received Import Request.
  Time since last request: 0.057506 seconds.
  path: Assets/Tiles/cloud.asset
  artifactKey: Guid(216e1d3fb32f7bc48a7a754adcfca76f) Importer(815301076,1909f56bfc062723c751e8b465ee728b)
Start importing Assets/Tiles/cloud.asset using Guid(216e1d3fb32f7bc48a7a754adcfca76f) Importer(815301076,1909f56bfc062723c751e8b465ee728b)  -> (artifact id: '8933103c43b8b179226d18f98ea2e775') in 0.067574 seconds
  Import took 0.070925 seconds .

========================================================================
Received Import Request.
  Time since last request: 0.000286 seconds.
  path: Assets/Tiles/plant.asset
  artifactKey: Guid(ca038d30e63673a458203d4a31573d95) Importer(815301076,1909f56bfc062723c751e8b465ee728b)
Start importing Assets/Tiles/plant.asset using Guid(ca038d30e63673a458203d4a31573d95) Importer(815301076,1909f56bfc062723c751e8b465ee728b)  -> (artifact id: '02113e9433627e4009a5f8a47fe9ae33') in 0.009586 seconds
  Import took 0.013001 seconds .

========================================================================
Received Import Request.
  Time since last request: 0.000226 seconds.
  path: Assets/Tiles/TileGround.asset
  artifactKey: Guid(346d40452471dc54ba12d6c7e67a1920) Importer(815301076,1909f56bfc062723c751e8b465ee728b)
Start importing Assets/Tiles/TileGround.asset using Guid(346d40452471dc54ba12d6c7e67a1920) Importer(815301076,1909f56bfc062723c751e8b465ee728b)  -> (artifact id: '392e2cf7426d8f92d96cb3d5da2c644b') in 0.009147 seconds
  Import took 0.012588 seconds .

========================================================================
Received Import Request.
  Time since last request: 0.000336 seconds.
  path: Assets/Tiles/tree.asset
  artifactKey: Guid(425a6ca6169e0e14ba0dd745b3d35cb2) Importer(815301076,1909f56bfc062723c751e8b465ee728b)
Start importing Assets/Tiles/tree.asset using Guid(425a6ca6169e0e14ba0dd745b3d35cb2) Importer(815301076,1909f56bfc062723c751e8b465ee728b)  -> (artifact id: '101d4d3b51f4c1d84149e7a9130531cf') in 0.009669 seconds
  Import took 0.013153 seconds .

========================================================================
Received Import Request.
  Time since last request: 0.000275 seconds.
  path: Assets/Tiles/mountains.asset
  artifactKey: Guid(17d8f745a300ff948ac10cceb364a2dc) Importer(815301076,1909f56bfc062723c751e8b465ee728b)
Start importing Assets/Tiles/mountains.asset using Guid(17d8f745a300ff948ac10cceb364a2dc) Importer(815301076,1909f56bfc062723c751e8b465ee728b)  -> (artifact id: '53756d473bc60dc146551ecdca7b242b') in 0.015229 seconds
  Import took 0.018499 seconds .

========================================================================
Received Import Request.
  Time since last request: 0.000236 seconds.
  path: Assets/Tiles/TileGroundTop.asset
  artifactKey: Guid(00c0f6fa8d57f7949864cfd4ba00f858) Importer(815301076,1909f56bfc062723c751e8b465ee728b)
Start importing Assets/Tiles/TileGroundTop.asset using Guid(00c0f6fa8d57f7949864cfd4ba00f858) Importer(815301076,1909f56bfc062723c751e8b465ee728b)  -> (artifact id: 'e23ea6f922fccf5f46551576ecd556a1') in 0.008886 seconds
  Import took 0.012125 seconds .

========================================================================
Received Import Request.
  Time since last request: 0.000273 seconds.
  path: Assets/Tiles/TileFloatingLeftEdge.asset
  artifactKey: Guid(8ffc15ca897ef94428428a26ead7bd6d) Importer(815301076,1909f56bfc062723c751e8b465ee728b)
Start importing Assets/Tiles/TileFloatingLeftEdge.asset using Guid(8ffc15ca897ef94428428a26ead7bd6d) Importer(815301076,1909f56bfc062723c751e8b465ee728b)  -> (artifact id: 'ad87eb7faff25a4ce2b715c2e1ee581e') in 0.008082 seconds
  Import took 0.011357 seconds .

========================================================================
Received Import Request.
  Time since last request: 0.000243 seconds.
  path: Assets/Tiles/fence.asset
  artifactKey: Guid(bb5d933e6627d374c8b68f8c7c95d5c4) Importer(815301076,1909f56bfc062723c751e8b465ee728b)
Start importing Assets/Tiles/fence.asset using Guid(bb5d933e6627d374c8b68f8c7c95d5c4) Importer(815301076,1909f56bfc062723c751e8b465ee728b)  -> (artifact id: '3da2f7b6e335b54254232f52de887d35') in 0.008062 seconds
  Import took 0.011384 seconds .

========================================================================
Received Import Request.
  Time since last request: 0.000233 seconds.
  path: Assets/Tiles/TallBuilding.asset
  artifactKey: Guid(49ad221d69f75804d98336ca8956e57e) Importer(815301076,1909f56bfc062723c751e8b465ee728b)
Start importing Assets/Tiles/TallBuilding.asset using Guid(49ad221d69f75804d98336ca8956e57e) Importer(815301076,1909f56bfc062723c751e8b465ee728b)  -> (artifact id: '9fcc5097245b61b66bfef38d9726532c') in 0.009532 seconds
  Import took 0.012861 seconds .

========================================================================
Received Import Request.
  Time since last request: 0.000225 seconds.
  path: Assets/Tiles/MidgroundFiller.asset
  artifactKey: Guid(8187bea14c4d7c849b76ae65d8bd9782) Importer(815301076,1909f56bfc062723c751e8b465ee728b)
Start importing Assets/Tiles/MidgroundFiller.asset using Guid(8187bea14c4d7c849b76ae65d8bd9782) Importer(815301076,1909f56bfc062723c751e8b465ee728b)  -> (artifact id: 'f14a067789bb0f2e0c4a9e1f4f37f53e') in 0.008072 seconds
  Import took 0.011735 seconds .

========================================================================
Received Import Request.
  Time since last request: 0.000300 seconds.
  path: Assets/Tiles/TileFloatingRightEdge.asset
  artifactKey: Guid(ad89c8596ddf81949990df9a40c0168a) Importer(815301076,1909f56bfc062723c751e8b465ee728b)
Start importing Assets/Tiles/TileFloatingRightEdge.asset using Guid(ad89c8596ddf81949990df9a40c0168a) Importer(815301076,1909f56bfc062723c751e8b465ee728b)  -> (artifact id: '3f9e8919464446519b5e83ed45ecec95') in 0.008172 seconds
  Import took 0.011728 seconds .

========================================================================
Received Import Request.
  Time since last request: 0.000282 seconds.
  path: Assets/Tiles/TileGroundDark.asset
  artifactKey: Guid(81d566c374d6f93469d3badfddb41f87) Importer(815301076,1909f56bfc062723c751e8b465ee728b)
Start importing Assets/Tiles/TileGroundDark.asset using Guid(81d566c374d6f93469d3badfddb41f87) Importer(815301076,1909f56bfc062723c751e8b465ee728b)  -> (artifact id: '091ad35c03d04972696c6cad1dbfa9f1') in 0.008165 seconds
  Import took 0.011976 seconds .

========================================================================
Received Import Request.
  Time since last request: 0.000218 seconds.
  path: Assets/Tiles/midground.asset
  artifactKey: Guid(5b1ed690790872f45abca6cc98ea40b3) Importer(815301076,1909f56bfc062723c751e8b465ee728b)
Start importing Assets/Tiles/midground.asset using Guid(5b1ed690790872f45abca6cc98ea40b3) Importer(815301076,1909f56bfc062723c751e8b465ee728b)  -> (artifact id: '9c596213fe7b4cca0f4fb4f6c1ba3a71') in 0.013000 seconds
  Import took 0.016936 seconds .

========================================================================
Received Import Request.
  Time since last request: 0.000250 seconds.
  path: Assets/Tiles/ShortBuilding.asset
  artifactKey: Guid(102dda6d7e3be4644bea1fdfea2d37d4) Importer(815301076,1909f56bfc062723c751e8b465ee728b)
Start importing Assets/Tiles/ShortBuilding.asset using Guid(102dda6d7e3be4644bea1fdfea2d37d4) Importer(815301076,1909f56bfc062723c751e8b465ee728b)  -> (artifact id: 'b8f6feaeeb9dd9ad46c782bcab45e019') in 0.008687 seconds
  Import took 0.012159 seconds .

========================================================================
Received Import Request.
  Time since last request: 0.000219 seconds.
  path: Assets/Tiles/house.asset
  artifactKey: Guid(68c5f18a4f480364ea8365252912ecee) Importer(815301076,1909f56bfc062723c751e8b465ee728b)
Start importing Assets/Tiles/house.asset using Guid(68c5f18a4f480364ea8365252912ecee) Importer(815301076,1909f56bfc062723c751e8b465ee728b)  -> (artifact id: '39dc9d781ef65e533c75c862a63b25a2') in 0.009330 seconds
  Import took 0.012740 seconds .

========================================================================
Received Import Request.
  Time since last request: 0.000342 seconds.
  path: Assets/Tiles/hillside.asset
  artifactKey: Guid(7ce6d6745a4a31040b413bb8d4f7f6e7) Importer(815301076,1909f56bfc062723c751e8b465ee728b)
Start importing Assets/Tiles/hillside.asset using Guid(7ce6d6745a4a31040b413bb8d4f7f6e7) Importer(815301076,1909f56bfc062723c751e8b465ee728b)  -> (artifact id: 'a1465f87cc7fc4c9b82ae06d78019604') in 0.008887 seconds
  Import took 0.012646 seconds .

========================================================================
Received Import Request.
  Time since last request: 0.000243 seconds.
  path: Assets/Tiles/TileFloatingTileMiddle.asset
  artifactKey: Guid(fcbf1d913bd6d0a448fa221caa416d43) Importer(815301076,1909f56bfc062723c751e8b465ee728b)
Start importing Assets/Tiles/TileFloatingTileMiddle.asset using Guid(fcbf1d913bd6d0a448fa221caa416d43) Importer(815301076,1909f56bfc062723c751e8b465ee728b)  -> (artifact id: 'd6335ec44a8f610830f605ad8c414740') in 0.008225 seconds
  Import took 0.011861 seconds .

========================================================================
Received Import Request.
  Time since last request: 765.515648 seconds.
  path: Assets/Scripts
  artifactKey: Guid(3275a72dee34e4fb180df0447d416a17) Importer(815301076,1909f56bfc062723c751e8b465ee728b)
Start importing Assets/Scripts using Guid(3275a72dee34e4fb180df0447d416a17) Importer(815301076,1909f56bfc062723c751e8b465ee728b)  -> (artifact id: '26ff4d016bf7a1d368e3335bbc881529') in 0.003340 seconds
  Import took 0.007596 seconds .

========================================================================
Received Import Request.
  Time since last request: 2.900082 seconds.
  path: Assets/Scripts/Gameplay
  artifactKey: Guid(0bba7187774c442d68b0d24091d186a8) Importer(815301076,1909f56bfc062723c751e8b465ee728b)
Start importing Assets/Scripts/Gameplay using Guid(0bba7187774c442d68b0d24091d186a8) Importer(815301076,1909f56bfc062723c751e8b465ee728b)  -> (artifact id: '95a92b85f760a092e83f31da0c8bd49a') in 0.004862 seconds
  Import took 0.008990 seconds .

========================================================================
Received Import Request.
  Time since last request: 2.724751 seconds.
  path: Assets/Scripts/Core
  artifactKey: Guid(22415b0b323d44ef59e4bb108e1718f7) Importer(815301076,1909f56bfc062723c751e8b465ee728b)
Start importing Assets/Scripts/Core using Guid(22415b0b323d44ef59e4bb108e1718f7) Importer(815301076,1909f56bfc062723c751e8b465ee728b)  -> (artifact id: '3a26c386dda3bc343be8b139de7cf3a3') in 0.003860 seconds
  Import took 0.008510 seconds .

========================================================================
Received Import Request.
  Time since last request: 1.427913 seconds.
  path: Assets/Scripts/Core/Simulation.cs
  artifactKey: Guid(49acb6b35735642baab9470acce76368) Importer(815301076,1909f56bfc062723c751e8b465ee728b)
Start importing Assets/Scripts/Core/Simulation.cs using Guid(49acb6b35735642baab9470acce76368) Importer(815301076,1909f56bfc062723c751e8b465ee728b)  -> (artifact id: '6a8f56d246e7d9778e1c6c624eb5561f') in 0.014104 seconds
  Import took 0.017744 seconds .

========================================================================
Received Import Request.
  Time since last request: 7.167560 seconds.
  path: Assets/Scripts/UI
  artifactKey: Guid(f8cbf6f01320246279a76711f9257948) Importer(815301076,1909f56bfc062723c751e8b465ee728b)
Start importing Assets/Scripts/UI using Guid(f8cbf6f01320246279a76711f9257948) Importer(815301076,1909f56bfc062723c751e8b465ee728b)  -> (artifact id: '566e38ef536c4c03c8bb7c33851a9a3c') in 0.003927 seconds
  Import took 0.007842 seconds .

========================================================================
Received Import Request.
  Time since last request: 4.426054 seconds.
  path: Assets/Scripts/Gameplay/PlayerDeath.cs
  artifactKey: Guid(b144adbcc33064b868df6d6c17ab5f1a) Importer(815301076,1909f56bfc062723c751e8b465ee728b)
Start importing Assets/Scripts/Gameplay/PlayerDeath.cs using Guid(b144adbcc33064b868df6d6c17ab5f1a) Importer(815301076,1909f56bfc062723c751e8b465ee728b)  -> (artifact id: '545b211c78ed5ebfaf64e6ea114a3449') in 0.003407 seconds
  Import took 0.007091 seconds .

========================================================================
Received Import Request.
  Time since last request: 1.431601 seconds.
  path: Assets/Scripts/Gameplay/PlayerEnemyCollision.cs
  artifactKey: Guid(c8dbdd402c7594d3984ae281ba568775) Importer(815301076,1909f56bfc062723c751e8b465ee728b)
Start importing Assets/Scripts/Gameplay/PlayerEnemyCollision.cs using Guid(c8dbdd402c7594d3984ae281ba568775) Importer(815301076,1909f56bfc062723c751e8b465ee728b)  -> (artifact id: '7e048c7a296ef61b0163d308c4c2f90b') in 0.002771 seconds
  Import took 0.006116 seconds .

========================================================================
Received Import Request.
  Time since last request: 1.153837 seconds.
  path: Assets/Scripts/Gameplay/PlayerEnteredDeathZone.cs
  artifactKey: Guid(8f16a8f8b0a074a3a957b48df9f6a758) Importer(815301076,1909f56bfc062723c751e8b465ee728b)
Start importing Assets/Scripts/Gameplay/PlayerEnteredDeathZone.cs using Guid(8f16a8f8b0a074a3a957b48df9f6a758) Importer(815301076,1909f56bfc062723c751e8b465ee728b)  -> (artifact id: '80c5aca09da125a77faa6cc42229830a') in 0.003244 seconds
  Import took 0.006634 seconds .

========================================================================
Received Import Request.
  Time since last request: 0.936454 seconds.
  path: Assets/Scripts/Gameplay/PlayerEnteredVictoryZone.cs
  artifactKey: Guid(7f69543bd2f704ed8a7a45ae002f648c) Importer(815301076,1909f56bfc062723c751e8b465ee728b)
Start importing Assets/Scripts/Gameplay/PlayerEnteredVictoryZone.cs using Guid(7f69543bd2f704ed8a7a45ae002f648c) Importer(815301076,1909f56bfc062723c751e8b465ee728b)  -> (artifact id: '9fc047dfc3ceb733d424234e5cc59109') in 0.002786 seconds
  Import took 0.006416 seconds .

========================================================================
Received Import Request.
  Time since last request: 1.190117 seconds.
  path: Assets/Scripts/Gameplay/PlayerJumped.cs
  artifactKey: Guid(d0594447dc056485392cd3234551e60c) Importer(815301076,1909f56bfc062723c751e8b465ee728b)
Start importing Assets/Scripts/Gameplay/PlayerJumped.cs using Guid(d0594447dc056485392cd3234551e60c) Importer(815301076,1909f56bfc062723c751e8b465ee728b)  -> (artifact id: 'ba26fc78049150aebbe4ad714bc1da03') in 0.003075 seconds
  Import took 0.007027 seconds .

========================================================================
Received Import Request.
  Time since last request: 13.762506 seconds.
  path: Assets/Scripts/Gameplay/PlayerLanded.cs
  artifactKey: Guid(a408f6e7866fe4789addb32c11b745b7) Importer(815301076,1909f56bfc062723c751e8b465ee728b)
Start importing Assets/Scripts/Gameplay/PlayerLanded.cs using Guid(a408f6e7866fe4789addb32c11b745b7) Importer(815301076,1909f56bfc062723c751e8b465ee728b)  -> (artifact id: 'd5ad88f8c35e234f6d838acb5f4c872d') in 0.003658 seconds
  Import took 0.007891 seconds .

========================================================================
Received Import Request.
  Time since last request: 12.936275 seconds.
  path: Assets/Scripts/Gameplay/EnablePlayerInput.cs
  artifactKey: Guid(3a16c824d04cf498f84afeda5341fee7) Importer(815301076,1909f56bfc062723c751e8b465ee728b)
Start importing Assets/Scripts/Gameplay/EnablePlayerInput.cs using Guid(3a16c824d04cf498f84afeda5341fee7) Importer(815301076,1909f56bfc062723c751e8b465ee728b)  -> (artifact id: '715a455506d28aa4ef15d5f70c4561d1') in 0.003427 seconds
  Import took 0.007745 seconds .

========================================================================
Received Import Request.
  Time since last request: 0.574441 seconds.
  path: Assets/Scripts/Gameplay/EnemyDeath.cs
  artifactKey: Guid(372c5a0e9ae09479a837b93ab71d1e7a) Importer(815301076,1909f56bfc062723c751e8b465ee728b)
Start importing Assets/Scripts/Gameplay/EnemyDeath.cs using Guid(372c5a0e9ae09479a837b93ab71d1e7a) Importer(815301076,1909f56bfc062723c751e8b465ee728b)  -> (artifact id: 'a517294bd23f05821a9595c828be394d') in 0.003559 seconds
  Import took 0.008046 seconds .

========================================================================
Received Import Request.
  Time since last request: 0.553101 seconds.
  path: Assets/Scripts/Gameplay/HealthIsZero.cs
  artifactKey: Guid(292255fa2d1a944a18cc65545b54cbe1) Importer(815301076,1909f56bfc062723c751e8b465ee728b)
Start importing Assets/Scripts/Gameplay/HealthIsZero.cs using Guid(292255fa2d1a944a18cc65545b54cbe1) Importer(815301076,1909f56bfc062723c751e8b465ee728b)  -> (artifact id: '634b9f0d17b105c10802790cc758a975') in 0.002840 seconds
  Import took 0.006582 seconds .

========================================================================
Received Import Request.
  Time since last request: 3.294092 seconds.
  path: Assets/Scripts/Gameplay/PlayerSpawn.cs
  artifactKey: Guid(8fc2f862cb18245199adc2074a7f2b4e) Importer(815301076,1909f56bfc062723c751e8b465ee728b)
Start importing Assets/Scripts/Gameplay/PlayerSpawn.cs using Guid(8fc2f862cb18245199adc2074a7f2b4e) Importer(815301076,1909f56bfc062723c751e8b465ee728b)  -> (artifact id: '8fa0f3f807ccc6a2fbefcd6ef0d4f0c5') in 0.002985 seconds
  Import took 0.007211 seconds .

========================================================================
Received Import Request.
  Time since last request: 6.885719 seconds.
  path: Assets/Audio/Collectable.wav
  artifactKey: Guid(bf527d825758e5b4ca7b69f5a02d9a56) Importer(815301076,1909f56bfc062723c751e8b465ee728b)
Start importing Assets/Audio/Collectable.wav using Guid(bf527d825758e5b4ca7b69f5a02d9a56) Importer(815301076,1909f56bfc062723c751e8b465ee728b)  -> (artifact id: '1a39051d3d00e10d9ec097af206cee9f') in 0.060020 seconds
  Import took 0.063550 seconds .

========================================================================
Received Import Request.
  Time since last request: 0.000302 seconds.
  path: Assets/Audio/LandOnEnemy.wav
  artifactKey: Guid(b7f741588644cd64bbee6387cb54a96d) Importer(815301076,1909f56bfc062723c751e8b465ee728b)
Start importing Assets/Audio/LandOnEnemy.wav using Guid(b7f741588644cd64bbee6387cb54a96d) Importer(815301076,1909f56bfc062723c751e8b465ee728b)  -> (artifact id: '4fb1b94bbf3cb20c6a2773d2848a3f10') in 0.008766 seconds
  Import took 0.012423 seconds .

========================================================================
Received Import Request.
  Time since last request: 0.000296 seconds.
  path: Assets/Audio/LandOnGround.wav
  artifactKey: Guid(dd6057fd464f77942a0bf39c54651b32) Importer(815301076,1909f56bfc062723c751e8b465ee728b)
Start importing Assets/Audio/LandOnGround.wav using Guid(dd6057fd464f77942a0bf39c54651b32) Importer(815301076,1909f56bfc062723c751e8b465ee728b)  -> (artifact id: 'd63e28df42ff59d2064b01bcfdef62bb') in 0.008364 seconds
  Import took 0.011713 seconds .

========================================================================
Received Import Request.
  Time since last request: 0.000201 seconds.
  path: Assets/Audio/Music.wav
  artifactKey: Guid(5833894e2899f1840ac04193ca462e39) Importer(815301076,1909f56bfc062723c751e8b465ee728b)
Start importing Assets/Audio/Music.wav using Guid(5833894e2899f1840ac04193ca462e39) Importer(815301076,1909f56bfc062723c751e8b465ee728b)  -> (artifact id: '576f76c379ed0e648d94df67d906db91') in 0.009762 seconds
  Import took 0.013283 seconds .

========================================================================
Received Import Request.
  Time since last request: 0.000217 seconds.
  path: Assets/Audio/jump.wav
  artifactKey: Guid(67975c08d56ceb147bad38572d805aa8) Importer(815301076,1909f56bfc062723c751e8b465ee728b)
Start importing Assets/Audio/jump.wav using Guid(67975c08d56ceb147bad38572d805aa8) Importer(815301076,1909f56bfc062723c751e8b465ee728b)  -> (artifact id: '91471918208545126454908f1b82f3c9') in 0.008774 seconds
  Import took 0.012608 seconds .

========================================================================
Received Import Request.
  Time since last request: 0.000282 seconds.
  path: Assets/Audio/Walk02.wav
  artifactKey: Guid(3318e557ea5714340abb5376ce7fb8c6) Importer(815301076,1909f56bfc062723c751e8b465ee728b)
Start importing Assets/Audio/Walk02.wav using Guid(3318e557ea5714340abb5376ce7fb8c6) Importer(815301076,1909f56bfc062723c751e8b465ee728b)  -> (artifact id: 'f0d4949145afd1d93662da3e4a5e5635') in 0.009138 seconds
  Import took 0.012689 seconds .

========================================================================
Received Import Request.
  Time since last request: 0.000229 seconds.
  path: Assets/Audio/Death.wav
  artifactKey: Guid(e18959d46b63f3c4c8cc020a433cf848) Importer(815301076,1909f56bfc062723c751e8b465ee728b)
Start importing Assets/Audio/Death.wav using Guid(e18959d46b63f3c4c8cc020a433cf848) Importer(815301076,1909f56bfc062723c751e8b465ee728b)  -> (artifact id: '71fe018eb5c8d26982faaa98c4823b47') in 0.009277 seconds
  Import took 0.012752 seconds .

========================================================================
Received Import Request.
  Time since last request: 0.000218 seconds.
  path: Assets/Audio/Hurt.wav
  artifactKey: Guid(6c05149e5a2fba64ba172e25a61074b7) Importer(815301076,1909f56bfc062723c751e8b465ee728b)
Start importing Assets/Audio/Hurt.wav using Guid(6c05149e5a2fba64ba172e25a61074b7) Importer(815301076,1909f56bfc062723c751e8b465ee728b)  -> (artifact id: 'a90cc3028522ad827a096c1e2ba62e4c') in 0.008522 seconds
  Import took 0.011806 seconds .

========================================================================
Received Import Request.
  Time since last request: 0.000270 seconds.
  path: Assets/Audio/Walk01.wav
  artifactKey: Guid(bdb49257b73be764a8c04e4f37302e0e) Importer(815301076,1909f56bfc062723c751e8b465ee728b)
Start importing Assets/Audio/Walk01.wav using Guid(bdb49257b73be764a8c04e4f37302e0e) Importer(815301076,1909f56bfc062723c751e8b465ee728b)  -> (artifact id: 'd56c3e9ee8a3f60ac936dc2b30e0b669') in 0.008259 seconds
  Import took 0.011804 seconds .

========================================================================
Received Prepare
Registering precompiled user dll's ...
Registered in 0.001770 seconds.
Begin MonoManager ReloadAssembly
Native extension for WindowsStandalone target not found
Refreshing native plugins compatible for Editor in 0.45 ms, found 1 plugins.
Preloading 0 native plugins for Editor in 0.00 ms.
Invoked RoslynAnalysisRunner static constructor.
RoslynAnalysisRunner will not be running.
RoslynAnalysisRunner has terminated.
Mono: successfully reloaded assembly
- Completed reload, in  0.887 seconds
Platform modules already initialized, skipping
Refreshing native plugins compatible for Editor in 0.44 ms, found 1 plugins.
Preloading 0 native plugins for Editor in 0.00 ms.
Unloading 2313 Unused Serialized files (Serialized files now loaded: 0)
System memory in use before: 109.1 MB.
System memory in use after: 106.5 MB.

Unloading 54 unused Assets to reduce memory usage. Loaded Objects now: 2778.
Total: 2.975300 ms (FindLiveObjects: 0.233600 ms CreateObjectMapping: 0.110200 ms MarkObjects: 1.702300 ms  DeleteObjects: 0.927800 ms)

========================================================================
Received Import Request.
  Time since last request: 118.439052 seconds.
  path: Assets/Scripts/UI/MainUIController.cs
  artifactKey: Guid(75fa2f9ea4cb54f34aaac731aabe3733) Importer(815301076,1909f56bfc062723c751e8b465ee728b)
Start importing Assets/Scripts/UI/MainUIController.cs using Guid(75fa2f9ea4cb54f34aaac731aabe3733) Importer(815301076,1909f56bfc062723c751e8b465ee728b)  -> (artifact id: '04c5cde3ddce02d68953fadc156b06df') in 0.005540 seconds
  Import took 0.009343 seconds .

========================================================================
Received Import Request.
  Time since last request: 0.992736 seconds.
  path: Assets/Scripts/UI/MetaGameController.cs
  artifactKey: Guid(86f4a4ae3a36547dd915a91ceebed970) Importer(815301076,1909f56bfc062723c751e8b465ee728b)
Start importing Assets/Scripts/UI/MetaGameController.cs using Guid(86f4a4ae3a36547dd915a91ceebed970) Importer(815301076,1909f56bfc062723c751e8b465ee728b)  -> (artifact id: 'f546b69f54c36d356389a3f07c610748') in 0.002998 seconds
  Import took 0.006432 seconds .

========================================================================
Received Import Request.
  Time since last request: 0.024898 seconds.
  path: Assets/Scripts/UI/MetaGameController.cs
  artifactKey: Guid(86f4a4ae3a36547dd915a91ceebed970) Importer(815301076,1909f56bfc062723c751e8b465ee728b)
Start importing Assets/Scripts/UI/MetaGameController.cs using Guid(86f4a4ae3a36547dd915a91ceebed970) Importer(815301076,1909f56bfc062723c751e8b465ee728b)  -> (artifact id: 'f546b69f54c36d356389a3f07c610748') in 0.002788 seconds
  Import took 0.006303 seconds .

========================================================================
Received Import Request.
  Time since last request: 9.997410 seconds.
  path: Assets/Scripts/Core/Fuzzy.cs
  artifactKey: Guid(83505d070f34d4a13807e938baeb0cbb) Importer(815301076,1909f56bfc062723c751e8b465ee728b)
Start importing Assets/Scripts/Core/Fuzzy.cs using Guid(83505d070f34d4a13807e938baeb0cbb) Importer(815301076,1909f56bfc062723c751e8b465ee728b)  -> (artifact id: '201a9097cfe0b2c6e9363ce0d474c36f') in 0.002797 seconds
  Import took 0.006330 seconds .

========================================================================
Received Import Request.
  Time since last request: 1.978116 seconds.
  path: Assets/Scripts/Core/HeapQueue.cs
  artifactKey: Guid(f5b75bbf217f7490f9927130f30b446c) Importer(815301076,1909f56bfc062723c751e8b465ee728b)
Start importing Assets/Scripts/Core/HeapQueue.cs using Guid(f5b75bbf217f7490f9927130f30b446c) Importer(815301076,1909f56bfc062723c751e8b465ee728b)  -> (artifact id: '5ee8972c111a76a505b8d5ad5c6de3fc') in 0.002727 seconds
  Import took 0.006164 seconds .

========================================================================
Received Import Request.
  Time since last request: 4.246485 seconds.
  path: Assets/Scripts/Core/Simulation.Event.cs
  artifactKey: Guid(808327a9d6f9344eab70aca5c52427e5) Importer(815301076,1909f56bfc062723c751e8b465ee728b)
Start importing Assets/Scripts/Core/Simulation.Event.cs using Guid(808327a9d6f9344eab70aca5c52427e5) Importer(815301076,1909f56bfc062723c751e8b465ee728b)  -> (artifact id: '866bfb0a7cc7123a59384ede097d9980') in 0.003841 seconds
  Import took 0.008262 seconds .

========================================================================
Received Import Request.
  Time since last request: 0.868553 seconds.
  path: Assets/Scripts/Core/Simulation.InstanceRegister.cs
  artifactKey: Guid(e1b7da7f958814fd0b5e867ed3827958) Importer(815301076,1909f56bfc062723c751e8b465ee728b)
Start importing Assets/Scripts/Core/Simulation.InstanceRegister.cs using Guid(e1b7da7f958814fd0b5e867ed3827958) Importer(815301076,1909f56bfc062723c751e8b465ee728b)  -> (artifact id: 'e800c8d10c3de9c988aa76481d22bdcd') in 0.003262 seconds
  Import took 0.007149 seconds .

========================================================================
Received Prepare
Registering precompiled user dll's ...
Registered in 0.001677 seconds.
Begin MonoManager ReloadAssembly
Native extension for WindowsStandalone target not found
Refreshing native plugins compatible for Editor in 0.45 ms, found 1 plugins.
Preloading 0 native plugins for Editor in 0.00 ms.
Invoked RoslynAnalysisRunner static constructor.
RoslynAnalysisRunner will not be running.
RoslynAnalysisRunner has terminated.
Mono: successfully reloaded assembly
- Completed reload, in  0.893 seconds
Platform modules already initialized, skipping
Refreshing native plugins compatible for Editor in 0.45 ms, found 1 plugins.
Preloading 0 native plugins for Editor in 0.00 ms.
Unloading 2313 Unused Serialized files (Serialized files now loaded: 0)
System memory in use before: 109.0 MB.
System memory in use after: 106.4 MB.

Unloading 54 unused Assets to reduce memory usage. Loaded Objects now: 2782.
Total: 3.184900 ms (FindLiveObjects: 0.249700 ms CreateObjectMapping: 0.118500 ms MarkObjects: 1.882100 ms  DeleteObjects: 0.933800 ms)

========================================================================
Received Prepare
Registering precompiled user dll's ...
Registered in 0.001905 seconds.
Begin MonoManager ReloadAssembly
Native extension for WindowsStandalone target not found
Refreshing native plugins compatible for Editor in 0.44 ms, found 1 plugins.
Preloading 0 native plugins for Editor in 0.00 ms.
Invoked RoslynAnalysisRunner static constructor.
RoslynAnalysisRunner will not be running.
RoslynAnalysisRunner has terminated.
Mono: successfully reloaded assembly
- Completed reload, in  0.872 seconds
Platform modules already initialized, skipping
Refreshing native plugins compatible for Editor in 0.45 ms, found 1 plugins.
Preloading 0 native plugins for Editor in 0.00 ms.
Unloading 2313 Unused Serialized files (Serialized files now loaded: 0)
System memory in use before: 109.1 MB.
System memory in use after: 106.5 MB.

Unloading 54 unused Assets to reduce memory usage. Loaded Objects now: 2786.
Total: 3.085900 ms (FindLiveObjects: 0.242900 ms CreateObjectMapping: 0.105000 ms MarkObjects: 1.799600 ms  DeleteObjects: 0.937600 ms)

========================================================================
Received Prepare
Registering precompiled user dll's ...
Registered in 0.001713 seconds.
Begin MonoManager ReloadAssembly
Native extension for WindowsStandalone target not found
Refreshing native plugins compatible for Editor in 0.49 ms, found 1 plugins.
Preloading 0 native plugins for Editor in 0.00 ms.
Invoked RoslynAnalysisRunner static constructor.
RoslynAnalysisRunner will not be running.
RoslynAnalysisRunner has terminated.
Mono: successfully reloaded assembly
- Completed reload, in  1.042 seconds
Platform modules already initialized, skipping
Refreshing native plugins compatible for Editor in 0.45 ms, found 1 plugins.
Preloading 0 native plugins for Editor in 0.00 ms.
Unloading 2313 Unused Serialized files (Serialized files now loaded: 0)
System memory in use before: 109.1 MB.
System memory in use after: 106.5 MB.

Unloading 54 unused Assets to reduce memory usage. Loaded Objects now: 2790.
Total: 3.014600 ms (FindLiveObjects: 0.261200 ms CreateObjectMapping: 0.114500 ms MarkObjects: 1.667300 ms  DeleteObjects: 0.970600 ms)

========================================================================
Received Import Request.
  Time since last request: 2223.908007 seconds.
  path: Assets/Scripts/Gameplay/EnemyDeath.cs
  artifactKey: Guid(372c5a0e9ae09479a837b93ab71d1e7a) Importer(815301076,1909f56bfc062723c751e8b465ee728b)
Start importing Assets/Scripts/Gameplay/EnemyDeath.cs using Guid(372c5a0e9ae09479a837b93ab71d1e7a) Importer(815301076,1909f56bfc062723c751e8b465ee728b)  -> (artifact id: 'c730292dc00e34184f1f1b88d008ac1d') in 0.005016 seconds
  Import took 0.008482 seconds .

========================================================================
Received Prepare
Registering precompiled user dll's ...
Registered in 0.001831 seconds.
Begin MonoManager ReloadAssembly
Native extension for WindowsStandalone target not found
Refreshing native plugins compatible for Editor in 0.46 ms, found 1 plugins.
Preloading 0 native plugins for Editor in 0.00 ms.
Invoked RoslynAnalysisRunner static constructor.
RoslynAnalysisRunner will not be running.
RoslynAnalysisRunner has terminated.
Mono: successfully reloaded assembly
- Completed reload, in  0.871 seconds
Platform modules already initialized, skipping
Refreshing native plugins compatible for Editor in 0.45 ms, found 1 plugins.
Preloading 0 native plugins for Editor in 0.00 ms.
Unloading 2313 Unused Serialized files (Serialized files now loaded: 0)
System memory in use before: 109.1 MB.
System memory in use after: 106.5 MB.

Unloading 54 unused Assets to reduce memory usage. Loaded Objects now: 2794.
Total: 3.177600 ms (FindLiveObjects: 0.294100 ms CreateObjectMapping: 0.117100 ms MarkObjects: 1.841900 ms  DeleteObjects: 0.923300 ms)

========================================================================
Received Import Request.
  Time since last request: 57.174100 seconds.
  path: Assets/Scripts/Gameplay/PlayerDeath.cs
  artifactKey: Guid(b144adbcc33064b868df6d6c17ab5f1a) Importer(815301076,1909f56bfc062723c751e8b465ee728b)
Start importing Assets/Scripts/Gameplay/PlayerDeath.cs using Guid(b144adbcc33064b868df6d6c17ab5f1a) Importer(815301076,1909f56bfc062723c751e8b465ee728b)  -> (artifact id: '35dc15d701dea7c06d0fb139a1968be1') in 0.004667 seconds
  Import took 0.008016 seconds .

========================================================================
Received Prepare
Registering precompiled user dll's ...
Registered in 0.001672 seconds.
Begin MonoManager ReloadAssembly
Native extension for WindowsStandalone target not found
Refreshing native plugins compatible for Editor in 0.46 ms, found 1 plugins.
Preloading 0 native plugins for Editor in 0.00 ms.
Invoked RoslynAnalysisRunner static constructor.
RoslynAnalysisRunner will not be running.
RoslynAnalysisRunner has terminated.
Mono: successfully reloaded assembly
- Completed reload, in  0.882 seconds
Platform modules already initialized, skipping
Refreshing native plugins compatible for Editor in 0.43 ms, found 1 plugins.
Preloading 0 native plugins for Editor in 0.00 ms.
Unloading 2313 Unused Serialized files (Serialized files now loaded: 0)
System memory in use before: 109.1 MB.
System memory in use after: 106.6 MB.

Unloading 54 unused Assets to reduce memory usage. Loaded Objects now: 2798.
Total: 3.087600 ms (FindLiveObjects: 0.241800 ms CreateObjectMapping: 0.108500 ms MarkObjects: 1.797800 ms  DeleteObjects: 0.938500 ms)

========================================================================
Received Import Request.
  Time since last request: 168.135465 seconds.
  path: Assets/Scripts/Gameplay/PlayerJumped.cs
  artifactKey: Guid(d0594447dc056485392cd3234551e60c) Importer(815301076,1909f56bfc062723c751e8b465ee728b)
Start importing Assets/Scripts/Gameplay/PlayerJumped.cs using Guid(d0594447dc056485392cd3234551e60c) Importer(815301076,1909f56bfc062723c751e8b465ee728b)  -> (artifact id: 'b1c65bfb0bbc464b2eb36a86e11c8569') in 0.004754 seconds
  Import took 0.008093 seconds .

========================================================================
Received Prepare
Registering precompiled user dll's ...
Registered in 0.001670 seconds.
Begin MonoManager ReloadAssembly
Native extension for WindowsStandalone target not found
Refreshing native plugins compatible for Editor in 0.45 ms, found 1 plugins.
Preloading 0 native plugins for Editor in 0.00 ms.
Invoked RoslynAnalysisRunner static constructor.
RoslynAnalysisRunner will not be running.
RoslynAnalysisRunner has terminated.
Mono: successfully reloaded assembly
- Completed reload, in  0.881 seconds
Platform modules already initialized, skipping
Refreshing native plugins compatible for Editor in 0.44 ms, found 1 plugins.
Preloading 0 native plugins for Editor in 0.00 ms.
Unloading 2313 Unused Serialized files (Serialized files now loaded: 0)
System memory in use before: 109.0 MB.
System memory in use after: 106.4 MB.

Unloading 54 unused Assets to reduce memory usage. Loaded Objects now: 2802.
Total: 3.077600 ms (FindLiveObjects: 0.249600 ms CreateObjectMapping: 0.111000 ms MarkObjects: 1.785600 ms  DeleteObjects: 0.930500 ms)

========================================================================
Received Import Request.
  Time since last request: 22.023449 seconds.
  path: Assets/Scripts/Gameplay/PlayerSpawn.cs
  artifactKey: Guid(8fc2f862cb18245199adc2074a7f2b4e) Importer(815301076,1909f56bfc062723c751e8b465ee728b)
Start importing Assets/Scripts/Gameplay/PlayerSpawn.cs using Guid(8fc2f862cb18245199adc2074a7f2b4e) Importer(815301076,1909f56bfc062723c751e8b465ee728b)  -> (artifact id: '8fdc5b2a5926419856a138ef9494fc44') in 0.004594 seconds
  Import took 0.007803 seconds .

========================================================================
Received Import Request.
  Time since last request: 0.288371 seconds.
  path: Assets/Scripts/Gameplay/PlayerStopJump.cs
  artifactKey: Guid(f192dfa6aa5634c23ad0160e80332bde) Importer(815301076,1909f56bfc062723c751e8b465ee728b)
Start importing Assets/Scripts/Gameplay/PlayerStopJump.cs using Guid(f192dfa6aa5634c23ad0160e80332bde) Importer(815301076,1909f56bfc062723c751e8b465ee728b)  -> (artifact id: 'cf95ebdc521dbde1c04629a4cc279590') in 0.003900 seconds
  Import took 0.008162 seconds .

========================================================================
Received Import Request.
  Time since last request: 14.518516 seconds.
  path: Assets/Scripts/Gameplay/PlayerTokenCollision.cs
  artifactKey: Guid(280a2907710a44d77a3ecb703ab792f5) Importer(815301076,1909f56bfc062723c751e8b465ee728b)
Start importing Assets/Scripts/Gameplay/PlayerTokenCollision.cs using Guid(280a2907710a44d77a3ecb703ab792f5) Importer(815301076,1909f56bfc062723c751e8b465ee728b)  -> (artifact id: '5ccc24b829859afb71aa36d4b8a00962') in 0.002994 seconds
  Import took 0.006594 seconds .

========================================================================
Received Prepare
Registering precompiled user dll's ...
Registered in 0.001653 seconds.
Begin MonoManager ReloadAssembly
Native extension for WindowsStandalone target not found
Refreshing native plugins compatible for Editor in 0.68 ms, found 1 plugins.
Preloading 0 native plugins for Editor in 0.00 ms.
Invoked RoslynAnalysisRunner static constructor.
RoslynAnalysisRunner will not be running.
RoslynAnalysisRunner has terminated.
Mono: successfully reloaded assembly
- Completed reload, in  0.861 seconds
Platform modules already initialized, skipping
Refreshing native plugins compatible for Editor in 0.45 ms, found 1 plugins.
Preloading 0 native plugins for Editor in 0.00 ms.
Unloading 2313 Unused Serialized files (Serialized files now loaded: 0)
System memory in use before: 109.1 MB.
System memory in use after: 106.6 MB.

Unloading 54 unused Assets to reduce memory usage. Loaded Objects now: 2806.
Total: 3.247800 ms (FindLiveObjects: 0.270600 ms CreateObjectMapping: 0.117500 ms MarkObjects: 1.844300 ms  DeleteObjects: 1.014400 ms)

========================================================================
Received Import Request.
  Time since last request: 14.829150 seconds.
  path: Assets/Scripts/Gameplay/PlayerTokenCollision.cs
  artifactKey: Guid(280a2907710a44d77a3ecb703ab792f5) Importer(815301076,1909f56bfc062723c751e8b465ee728b)
Start importing Assets/Scripts/Gameplay/PlayerTokenCollision.cs using Guid(280a2907710a44d77a3ecb703ab792f5) Importer(815301076,1909f56bfc062723c751e8b465ee728b)  -> (artifact id: '58d330aaa357ce026f2df988cf6d8cba') in 0.004653 seconds
  Import took 0.008021 seconds .

========================================================================
Received Import Request.
  Time since last request: 3.965469 seconds.
  path: Assets/Scripts/Mechanics
  artifactKey: Guid(c827018a687f34a0296c5c7fdb8b9590) Importer(815301076,1909f56bfc062723c751e8b465ee728b)
Start importing Assets/Scripts/Mechanics using Guid(c827018a687f34a0296c5c7fdb8b9590) Importer(815301076,1909f56bfc062723c751e8b465ee728b)  -> (artifact id: '619cdf54834b0ab5fd15bf4aa95a893d') in 0.003950 seconds
  Import took 0.007872 seconds .

========================================================================
Received Import Request.
  Time since last request: 0.962790 seconds.
  path: Assets/Scripts/Mechanics/AnimationController.cs
  artifactKey: Guid(be4d02721cd9d4baa869d3b890cec48f) Importer(815301076,1909f56bfc062723c751e8b465ee728b)
Start importing Assets/Scripts/Mechanics/AnimationController.cs using Guid(be4d02721cd9d4baa869d3b890cec48f) Importer(815301076,1909f56bfc062723c751e8b465ee728b)  -> (artifact id: 'b40f69427b38d472e390cec11aaf06b5') in 0.002707 seconds
  Import took 0.006022 seconds .

========================================================================
Received Import Request.
  Time since last request: 0.024025 seconds.
  path: Assets/Scripts/Mechanics/AnimationController.cs
  artifactKey: Guid(be4d02721cd9d4baa869d3b890cec48f) Importer(815301076,1909f56bfc062723c751e8b465ee728b)
Start importing Assets/Scripts/Mechanics/AnimationController.cs using Guid(be4d02721cd9d4baa869d3b890cec48f) Importer(815301076,1909f56bfc062723c751e8b465ee728b)  -> (artifact id: 'b40f69427b38d472e390cec11aaf06b5') in 0.002681 seconds
  Import took 0.006398 seconds .

========================================================================
Received Import Request.
  Time since last request: 4.175026 seconds.
  path: Assets/Scripts/Mechanics/DeathZone.cs
  artifactKey: Guid(f9473387ae50744bf946308793bd64e9) Importer(815301076,1909f56bfc062723c751e8b465ee728b)
Start importing Assets/Scripts/Mechanics/DeathZone.cs using Guid(f9473387ae50744bf946308793bd64e9) Importer(815301076,1909f56bfc062723c751e8b465ee728b)  -> (artifact id: 'f6e698abfe50ec909904846a3d855c70') in 0.003101 seconds
  Import took 0.006682 seconds .

========================================================================
Received Import Request.
  Time since last request: 1.245757 seconds.
  path: Assets/Scripts/Mechanics/EnemyController.cs
  artifactKey: Guid(cd654acc1f7894a509f3420e5c9ffea6) Importer(815301076,1909f56bfc062723c751e8b465ee728b)
Start importing Assets/Scripts/Mechanics/EnemyController.cs using Guid(cd654acc1f7894a509f3420e5c9ffea6) Importer(815301076,1909f56bfc062723c751e8b465ee728b)  -> (artifact id: 'a9c82c783d471fce17b789f06d4e3173') in 0.002772 seconds
  Import took 0.006070 seconds .

========================================================================
Received Import Request.
  Time since last request: 3.215072 seconds.
  path: Assets/Scripts/Mechanics/GameController.cs
  artifactKey: Guid(7804c522061bd4c558b5008952406407) Importer(815301076,1909f56bfc062723c751e8b465ee728b)
Start importing Assets/Scripts/Mechanics/GameController.cs using Guid(7804c522061bd4c558b5008952406407) Importer(815301076,1909f56bfc062723c751e8b465ee728b)  -> (artifact id: '237faf48eed646a8960168523191f986') in 0.003112 seconds
  Import took 0.006881 seconds .

========================================================================
Received Import Request.
  Time since last request: 1.110375 seconds.
  path: Assets/Scripts/Mechanics/Health.cs
  artifactKey: Guid(ffad43bb006db4856a9c527b89b48db9) Importer(815301076,1909f56bfc062723c751e8b465ee728b)
Start importing Assets/Scripts/Mechanics/Health.cs using Guid(ffad43bb006db4856a9c527b89b48db9) Importer(815301076,1909f56bfc062723c751e8b465ee728b)  -> (artifact id: 'd8b9a5053d4227ecfddaceda0f066920') in 0.002900 seconds
  Import took 0.006298 seconds .

========================================================================
Received Import Request.
  Time since last request: 0.000830 seconds.
  path: Assets/Scripts/Mechanics/Health.cs
  artifactKey: Guid(ffad43bb006db4856a9c527b89b48db9) Importer(815301076,1909f56bfc062723c751e8b465ee728b)
Start importing Assets/Scripts/Mechanics/Health.cs using Guid(ffad43bb006db4856a9c527b89b48db9) Importer(815301076,1909f56bfc062723c751e8b465ee728b)  -> (artifact id: 'd8b9a5053d4227ecfddaceda0f066920') in 0.002713 seconds
  Import took 0.006011 seconds .

========================================================================
Received Import Request.
  Time since last request: 1.941988 seconds.
  path: Assets/Scripts/Mechanics/KinematicObject.cs
  artifactKey: Guid(565fbc50999104819abb0f2031ff5ac9) Importer(815301076,1909f56bfc062723c751e8b465ee728b)
Start importing Assets/Scripts/Mechanics/KinematicObject.cs using Guid(565fbc50999104819abb0f2031ff5ac9) Importer(815301076,1909f56bfc062723c751e8b465ee728b)  -> (artifact id: 'ccca928c41ad52b387240acae0967906') in 0.003111 seconds
  Import took 0.006747 seconds .

========================================================================
Received Import Request.
  Time since last request: 0.827176 seconds.
  path: Assets/Scripts/Mechanics/PatrolPath.cs
  artifactKey: Guid(83b023ebe508a49c880fc00552f0dfc1) Importer(815301076,1909f56bfc062723c751e8b465ee728b)
Start importing Assets/Scripts/Mechanics/PatrolPath.cs using Guid(83b023ebe508a49c880fc00552f0dfc1) Importer(815301076,1909f56bfc062723c751e8b465ee728b)  -> (artifact id: '670d3126887bc822b17b8621f61a4f58') in 0.003083 seconds
  Import took 0.006669 seconds .

========================================================================
Received Import Request.
  Time since last request: 1.099835 seconds.
  path: Assets/Scripts/Mechanics/PatrolPath.Mover.cs
  artifactKey: Guid(91fcc8d06d79c4678aabe2abed234213) Importer(815301076,1909f56bfc062723c751e8b465ee728b)
Start importing Assets/Scripts/Mechanics/PatrolPath.Mover.cs using Guid(91fcc8d06d79c4678aabe2abed234213) Importer(815301076,1909f56bfc062723c751e8b465ee728b)  -> (artifact id: '9d9cba9e8b9afcf9090063f56d369697') in 0.002760 seconds
  Import took 0.006171 seconds .

========================================================================
Received Import Request.
  Time since last request: 0.847369 seconds.
  path: Assets/Scripts/Mechanics/PlayAudioClip.cs
  artifactKey: Guid(1715bf1b7a5e8480aba89c75b75ce7cd) Importer(815301076,1909f56bfc062723c751e8b465ee728b)
Start importing Assets/Scripts/Mechanics/PlayAudioClip.cs using Guid(1715bf1b7a5e8480aba89c75b75ce7cd) Importer(815301076,1909f56bfc062723c751e8b465ee728b)  -> (artifact id: '2e45cf62939ede1e43704f0c2d10e97c') in 0.003214 seconds
  Import took 0.006992 seconds .

========================================================================
Received Import Request.
  Time since last request: 1.177737 seconds.
  path: Assets/Scripts/Mechanics/PlayerController.cs
  artifactKey: Guid(709ee11994a2f44658e5fc9887c45081) Importer(815301076,1909f56bfc062723c751e8b465ee728b)
Start importing Assets/Scripts/Mechanics/PlayerController.cs using Guid(709ee11994a2f44658e5fc9887c45081) Importer(815301076,1909f56bfc062723c751e8b465ee728b)  -> (artifact id: '61dcc402e950a98826546ceb95c8d697') in 0.003619 seconds
  Import took 0.007261 seconds .

========================================================================
Received Prepare
Registering precompiled user dll's ...
Registered in 0.002533 seconds.
Begin MonoManager ReloadAssembly
Native extension for WindowsStandalone target not found
Refreshing native plugins compatible for Editor in 0.51 ms, found 1 plugins.
Preloading 0 native plugins for Editor in 0.00 ms.
Invoked RoslynAnalysisRunner static constructor.
RoslynAnalysisRunner will not be running.
RoslynAnalysisRunner has terminated.
Mono: successfully reloaded assembly
- Completed reload, in  1.162 seconds
Platform modules already initialized, skipping
Refreshing native plugins compatible for Editor in 0.47 ms, found 1 plugins.
Preloading 0 native plugins for Editor in 0.00 ms.
Unloading 2313 Unused Serialized files (Serialized files now loaded: 0)
System memory in use before: 109.1 MB.
System memory in use after: 106.6 MB.

Unloading 54 unused Assets to reduce memory usage. Loaded Objects now: 2810.
Total: 3.829100 ms (FindLiveObjects: 0.381500 ms CreateObjectMapping: 0.161200 ms MarkObjects: 2.100200 ms  DeleteObjects: 1.184900 ms)

========================================================================
Received Import Request.
  Time since last request: 77.082835 seconds.
  path: Assets/Scripts/Model
  artifactKey: Guid(02b3f5f45436b448db5b27a6f74f8b11) Importer(815301076,1909f56bfc062723c751e8b465ee728b)
Start importing Assets/Scripts/Model using Guid(02b3f5f45436b448db5b27a6f74f8b11) Importer(815301076,1909f56bfc062723c751e8b465ee728b)  -> (artifact id: '4a51ed35b94ed781ce05accb581c8ce1') in 0.007581 seconds
  Import took 0.011897 seconds .

========================================================================
Received Import Request.
  Time since last request: 0.863548 seconds.
  path: Assets/Scripts/Model/PlatformerModel.cs
  artifactKey: Guid(76778dfacd2bc4a1993874eec5ccfe34) Importer(815301076,1909f56bfc062723c751e8b465ee728b)
Start importing Assets/Scripts/Model/PlatformerModel.cs using Guid(76778dfacd2bc4a1993874eec5ccfe34) Importer(815301076,1909f56bfc062723c751e8b465ee728b)  -> (artifact id: '202602b636a92ac16ad6ab7e9f8b2991') in 0.002777 seconds
  Import took 0.006112 seconds .

========================================================================
Received Import Request.
  Time since last request: 0.025342 seconds.
  path: Assets/Scripts/Model/PlatformerModel.cs
  artifactKey: Guid(76778dfacd2bc4a1993874eec5ccfe34) Importer(815301076,1909f56bfc062723c751e8b465ee728b)
Start importing Assets/Scripts/Model/PlatformerModel.cs using Guid(76778dfacd2bc4a1993874eec5ccfe34) Importer(815301076,1909f56bfc062723c751e8b465ee728b)  -> (artifact id: '202602b636a92ac16ad6ab7e9f8b2991') in 0.002807 seconds
  Import took 0.006298 seconds .

========================================================================
Received Import Request.
  Time since last request: 11.266897 seconds.
  path: Assets/Scripts/View
  artifactKey: Guid(bc0b9c50d6be4455fab7f1f0fb803632) Importer(815301076,1909f56bfc062723c751e8b465ee728b)
Start importing Assets/Scripts/View using Guid(bc0b9c50d6be4455fab7f1f0fb803632) Importer(815301076,1909f56bfc062723c751e8b465ee728b)  -> (artifact id: '6c819bba5c5a122ecc9a7c4f3bfbbc76') in 0.003037 seconds
  Import took 0.006561 seconds .

========================================================================
Received Import Request.
  Time since last request: 0.810930 seconds.
  path: Assets/Scripts/View/AnimatedTile.cs
  artifactKey: Guid(9df11d2ad44624917bf3586aa9303279) Importer(815301076,1909f56bfc062723c751e8b465ee728b)
Start importing Assets/Scripts/View/AnimatedTile.cs using Guid(9df11d2ad44624917bf3586aa9303279) Importer(815301076,1909f56bfc062723c751e8b465ee728b)  -> (artifact id: '0f3adc1f4596fb4fb7154ffcfbb40f8e') in 0.002630 seconds
  Import took 0.005945 seconds .

========================================================================
Received Import Request.
  Time since last request: 0.763011 seconds.
  path: Assets/Scripts/View/ParallaxLayer.cs
  artifactKey: Guid(a229c636674274e12bb4f79ddcae0d49) Importer(815301076,1909f56bfc062723c751e8b465ee728b)
Start importing Assets/Scripts/View/ParallaxLayer.cs using Guid(a229c636674274e12bb4f79ddcae0d49) Importer(815301076,1909f56bfc062723c751e8b465ee728b)  -> (artifact id: '7fc31724983e28cb3f2688e81c49a239') in 0.003128 seconds
  Import took 0.006564 seconds .

========================================================================
Received Prepare
Registering precompiled user dll's ...
Registered in 0.005788 seconds.
Begin MonoManager ReloadAssembly
Native extension for WindowsStandalone target not found
Refreshing native plugins compatible for Editor in 1.04 ms, found 3 plugins.
Preloading 0 native plugins for Editor in 0.00 ms.
Invoked RoslynAnalysisRunner static constructor.
RoslynAnalysisRunner will not be running.
RoslynAnalysisRunner has terminated.
RefreshInfo: StopAssetImportingV2(NoUpdateAssetOptions) scanfilter: 
RefreshProfiler: Total: 0.000ms
Mono: successfully reloaded assembly
- Completed reload, in  1.169 seconds
Platform modules already initialized, skipping
Refreshing native plugins compatible for Editor in 0.90 ms, found 3 plugins.
Preloading 0 native plugins for Editor in 0.00 ms.
Unloading 913 Unused Serialized files (Serialized files now loaded: 0)
System memory in use before: 82.9 MB.
System memory in use after: 80.4 MB.

Unloading 111 unused Assets to reduce memory usage. Loaded Objects now: 2873.
Total: 3.442700 ms (FindLiveObjects: 0.302600 ms CreateObjectMapping: 0.260700 ms MarkObjects: 1.851600 ms  DeleteObjects: 1.026300 ms)

========================================================================
Received Import Request.
  Time since last request: 53592.326610 seconds.
  path: Assets/Plugins/FMOD/Resources/FMODStudioSettings.asset
  artifactKey: Guid(afb0d4a75ede574489be1cbaab208b2c) Importer(815301076,1909f56bfc062723c751e8b465ee728b)
Start importing Assets/Plugins/FMOD/Resources/FMODStudioSettings.asset using Guid(afb0d4a75ede574489be1cbaab208b2c) Importer(815301076,1909f56bfc062723c751e8b465ee728b) [FMOD] Cannot find properties for platform default, creating default properties
UnityEngine.StackTraceUtility:ExtractStackTrace ()
UnityEngine.DebugLogHandler:LogFormat (UnityEngine.LogType,UnityEngine.Object,string,object[])
UnityEngine.Logger:LogFormat (UnityEngine.LogType,string,object[])
UnityEngine.Debug:LogFormat (string,object[])
FMODUnity.Settings:AffirmPlatformProperties (FMODUnity.Platform) (at Assets/Plugins/FMOD/src/Runtime/Settings.cs:735)
FMODUnity.Settings:AddMissingPlatforms () (at Assets/Plugins/FMOD/src/Runtime/Settings.cs:447)
FMODUnity.Settings:OnEnable () (at Assets/Plugins/FMOD/src/Runtime/Settings.cs:803)

(Filename: Assets/Plugins/FMOD/src/Runtime/Settings.cs Line: 735)

[FMOD] Cannot find properties for platform playInEditor, creating default properties
UnityEngine.StackTraceUtility:ExtractStackTrace ()
UnityEngine.DebugLogHandler:LogFormat (UnityEngine.LogType,UnityEngine.Object,string,object[])
UnityEngine.Logger:LogFormat (UnityEngine.LogType,string,object[])
UnityEngine.Debug:LogFormat (string,object[])
FMODUnity.Settings:AffirmPlatformProperties (FMODUnity.Platform) (at Assets/Plugins/FMOD/src/Runtime/Settings.cs:735)
FMODUnity.Settings:AddMissingPlatforms () (at Assets/Plugins/FMOD/src/Runtime/Settings.cs:448)
FMODUnity.Settings:OnEnable () (at Assets/Plugins/FMOD/src/Runtime/Settings.cs:803)

(Filename: Assets/Plugins/FMOD/src/Runtime/Settings.cs Line: 735)

 -> (artifact id: 'e6b4849b4203bd6f86b189fdae161972') in 0.050432 seconds
  Import took 0.054393 seconds .

========================================================================
Received Prepare
Registering precompiled user dll's ...
Registered in 0.887716 seconds.
Begin MonoManager ReloadAssembly
Native extension for WindowsStandalone target not found
Refreshing native plugins compatible for Editor in 0.92 ms, found 3 plugins.
Preloading 0 native plugins for Editor in 0.00 ms.
Invoked RoslynAnalysisRunner static constructor.
RoslynAnalysisRunner will not be running.
RoslynAnalysisRunner has terminated.
RefreshInfo: StopAssetImportingV2(NoUpdateAssetOptions) scanfilter: 
RefreshProfiler: Total: 0.000ms
Mono: successfully reloaded assembly
- Completed reload, in  6.493 seconds
Platform modules already initialized, skipping
Refreshing native plugins compatible for Editor in 1.43 ms, found 3 plugins.
Preloading 0 native plugins for Editor in 0.00 ms.
Unloading 890 Unused Serialized files (Serialized files now loaded: 0)
System memory in use before: 82.5 MB.
System memory in use after: 79.9 MB.

Unloading 111 unused Assets to reduce memory usage. Loaded Objects now: 2877.
Total: 3.894300 ms (FindLiveObjects: 0.258300 ms CreateObjectMapping: 0.157700 ms MarkObjects: 2.162800 ms  DeleteObjects: 1.313800 ms)

========================================================================
Received Import Request.
  Time since last request: 28340.270458 seconds.
  path: Assets/Plugins/FMOD/Resources/FMODStudioSettings.asset
  artifactKey: Guid(afb0d4a75ede574489be1cbaab208b2c) Importer(815301076,1909f56bfc062723c751e8b465ee728b)
Start importing Assets/Plugins/FMOD/Resources/FMODStudioSettings.asset using Guid(afb0d4a75ede574489be1cbaab208b2c) Importer(815301076,1909f56bfc062723c751e8b465ee728b)  -> (artifact id: 'cf6ff476a8df1c66c8ae6b21e8e34cbd') in 0.138770 seconds
  Import took 0.218569 seconds .

========================================================================
Received Import Request.
  Time since last request: 1.163430 seconds.
  path: Assets/Plugins/FMOD/FMODUnity.asmdef
  artifactKey: Guid(0c752da273b17c547ae705acf0f2adf2) Importer(815301076,1909f56bfc062723c751e8b465ee728b)
Start importing Assets/Plugins/FMOD/FMODUnity.asmdef using Guid(0c752da273b17c547ae705acf0f2adf2) Importer(815301076,1909f56bfc062723c751e8b465ee728b)  -> (artifact id: 'e9acf3bc5cdbbbcf0e3bb3f049bd729b') in 0.010119 seconds
  Import took 0.014061 seconds .

========================================================================
Received Prepare
Registering precompiled user dll's ...
Registered in 0.006035 seconds.
Begin MonoManager ReloadAssembly
Native extension for WindowsStandalone target not found
Refreshing native plugins compatible for Editor in 0.94 ms, found 3 plugins.
Preloading 0 native plugins for Editor in 0.00 ms.
Invoked RoslynAnalysisRunner static constructor.
RoslynAnalysisRunner will not be running.
RoslynAnalysisRunner has terminated.
RefreshInfo: StopAssetImportingV2(NoUpdateAssetOptions) scanfilter: 
RefreshProfiler: Total: 0.000ms
Mono: successfully reloaded assembly
- Completed reload, in  1.041 seconds
Platform modules already initialized, skipping
Refreshing native plugins compatible for Editor in 1.31 ms, found 3 plugins.
Preloading 0 native plugins for Editor in 0.00 ms.
Unloading 890 Unused Serialized files (Serialized files now loaded: 0)
System memory in use before: 82.4 MB.
System memory in use after: 79.8 MB.

Unloading 111 unused Assets to reduce memory usage. Loaded Objects now: 2881.
Total: 3.303800 ms (FindLiveObjects: 0.244700 ms CreateObjectMapping: 0.192600 ms MarkObjects: 1.802900 ms  DeleteObjects: 1.062200 ms)

========================================================================
Received Import Request.
  Time since last request: 83.618357 seconds.
  path: Assets/Scripts/Gameplay/PlayerJumped.cs
  artifactKey: Guid(d0594447dc056485392cd3234551e60c) Importer(815301076,1909f56bfc062723c751e8b465ee728b)
Start importing Assets/Scripts/Gameplay/PlayerJumped.cs using Guid(d0594447dc056485392cd3234551e60c) Importer(815301076,1909f56bfc062723c751e8b465ee728b)  -> (artifact id: '1d3ca2fabb71cd495b36f7bbe739fc54') in 0.011428 seconds
  Import took 0.015342 seconds .

========================================================================
Received Prepare
Registering precompiled user dll's ...
Registered in 0.006889 seconds.
Begin MonoManager ReloadAssembly
Native extension for WindowsStandalone target not found
Refreshing native plugins compatible for Editor in 1.14 ms, found 3 plugins.
Preloading 0 native plugins for Editor in 0.00 ms.
Invoked RoslynAnalysisRunner static constructor.
RoslynAnalysisRunner will not be running.
RoslynAnalysisRunner has terminated.
RefreshInfo: StopAssetImportingV2(NoUpdateAssetOptions) scanfilter: 
RefreshProfiler: Total: 0.000ms
Mono: successfully reloaded assembly
- Completed reload, in  1.354 seconds
Platform modules already initialized, skipping
Refreshing native plugins compatible for Editor in 2.20 ms, found 3 plugins.
Preloading 0 native plugins for Editor in 0.00 ms.
Unloading 890 Unused Serialized files (Serialized files now loaded: 0)
System memory in use before: 82.5 MB.
System memory in use after: 80.0 MB.

Unloading 111 unused Assets to reduce memory usage. Loaded Objects now: 2885.
Total: 4.322300 ms (FindLiveObjects: 0.249400 ms CreateObjectMapping: 0.184300 ms MarkObjects: 2.227100 ms  DeleteObjects: 1.660000 ms)

========================================================================
Received Prepare
Registering precompiled user dll's ...
Registered in 0.004713 seconds.
Begin MonoManager ReloadAssembly
Native extension for WindowsStandalone target not found
Refreshing native plugins compatible for Editor in 0.94 ms, found 3 plugins.
Preloading 0 native plugins for Editor in 0.00 ms.
Invoked RoslynAnalysisRunner static constructor.
RoslynAnalysisRunner will not be running.
RoslynAnalysisRunner has terminated.
RefreshInfo: StopAssetImportingV2(NoUpdateAssetOptions) scanfilter: 
RefreshProfiler: Total: 0.000ms
Mono: successfully reloaded assembly
- Completed reload, in  1.024 seconds
Platform modules already initialized, skipping
Refreshing native plugins compatible for Editor in 1.33 ms, found 3 plugins.
Preloading 0 native plugins for Editor in 0.00 ms.
Unloading 890 Unused Serialized files (Serialized files now loaded: 0)
System memory in use before: 82.5 MB.
System memory in use after: 79.9 MB.

Unloading 111 unused Assets to reduce memory usage. Loaded Objects now: 2889.
Total: 3.473000 ms (FindLiveObjects: 0.243200 ms CreateObjectMapping: 0.190400 ms MarkObjects: 1.964800 ms  DeleteObjects: 1.073400 ms)

========================================================================
Received Prepare
Registering precompiled user dll's ...
Registered in 0.005180 seconds.
Begin MonoManager ReloadAssembly
Native extension for WindowsStandalone target not found
Refreshing native plugins compatible for Editor in 1.02 ms, found 3 plugins.
Preloading 0 native plugins for Editor in 0.00 ms.
Invoked RoslynAnalysisRunner static constructor.
RoslynAnalysisRunner will not be running.
RoslynAnalysisRunner has terminated.
RefreshInfo: StopAssetImportingV2(NoUpdateAssetOptions) scanfilter: 
RefreshProfiler: Total: 0.000ms
Mono: successfully reloaded assembly
- Completed reload, in  0.958 seconds
Platform modules already initialized, skipping
Refreshing native plugins compatible for Editor in 1.31 ms, found 3 plugins.
Preloading 0 native plugins for Editor in 0.00 ms.
Unloading 890 Unused Serialized files (Serialized files now loaded: 0)
System memory in use before: 82.5 MB.
System memory in use after: 80.0 MB.

Unloading 111 unused Assets to reduce memory usage. Loaded Objects now: 2893.
Total: 3.299000 ms (FindLiveObjects: 0.228000 ms CreateObjectMapping: 0.204800 ms MarkObjects: 1.828900 ms  DeleteObjects: 1.036400 ms)

========================================================================
Received Prepare
Registering precompiled user dll's ...
Registered in 0.006531 seconds.
Begin MonoManager ReloadAssembly
Native extension for WindowsStandalone target not found
Refreshing native plugins compatible for Editor in 0.93 ms, found 3 plugins.
Preloading 0 native plugins for Editor in 0.00 ms.
Invoked RoslynAnalysisRunner static constructor.
RoslynAnalysisRunner will not be running.
RoslynAnalysisRunner has terminated.
RefreshInfo: StopAssetImportingV2(NoUpdateAssetOptions) scanfilter: 
RefreshProfiler: Total: 0.000ms
Mono: successfully reloaded assembly
- Completed reload, in  0.939 seconds
Platform modules already initialized, skipping
Refreshing native plugins compatible for Editor in 1.41 ms, found 3 plugins.
Preloading 0 native plugins for Editor in 0.00 ms.
Unloading 890 Unused Serialized files (Serialized files now loaded: 0)
System memory in use before: 82.5 MB.
System memory in use after: 80.0 MB.

Unloading 111 unused Assets to reduce memory usage. Loaded Objects now: 2897.
Total: 3.558000 ms (FindLiveObjects: 0.256200 ms CreateObjectMapping: 0.197600 ms MarkObjects: 2.059000 ms  DeleteObjects: 1.043600 ms)

========================================================================
Received Prepare
Registering precompiled user dll's ...
Registered in 0.005078 seconds.
Begin MonoManager ReloadAssembly
Native extension for WindowsStandalone target not found
Refreshing native plugins compatible for Editor in 0.93 ms, found 3 plugins.
Preloading 0 native plugins for Editor in 0.00 ms.
Invoked RoslynAnalysisRunner static constructor.
RoslynAnalysisRunner will not be running.
RoslynAnalysisRunner has terminated.
RefreshInfo: StopAssetImportingV2(NoUpdateAssetOptions) scanfilter: 
RefreshProfiler: Total: 0.000ms
Mono: successfully reloaded assembly
- Completed reload, in  0.978 seconds
Platform modules already initialized, skipping
Refreshing native plugins compatible for Editor in 1.33 ms, found 3 plugins.
Preloading 0 native plugins for Editor in 0.00 ms.
Unloading 890 Unused Serialized files (Serialized files now loaded: 0)
System memory in use before: 82.4 MB.
System memory in use after: 79.9 MB.

Unloading 111 unused Assets to reduce memory usage. Loaded Objects now: 2901.
Total: 4.308800 ms (FindLiveObjects: 0.372400 ms CreateObjectMapping: 0.267600 ms MarkObjects: 2.383700 ms  DeleteObjects: 1.283500 ms)

========================================================================
Received Prepare
Registering precompiled user dll's ...
Registered in 0.005106 seconds.
Begin MonoManager ReloadAssembly
Native extension for WindowsStandalone target not found
Refreshing native plugins compatible for Editor in 0.91 ms, found 3 plugins.
Preloading 0 native plugins for Editor in 0.00 ms.
Invoked RoslynAnalysisRunner static constructor.
RoslynAnalysisRunner will not be running.
RoslynAnalysisRunner has terminated.
RefreshInfo: StopAssetImportingV2(NoUpdateAssetOptions) scanfilter: 
RefreshProfiler: Total: 0.000ms
Mono: successfully reloaded assembly
- Completed reload, in  0.949 seconds
Platform modules already initialized, skipping
Refreshing native plugins compatible for Editor in 1.46 ms, found 3 plugins.
Preloading 0 native plugins for Editor in 0.00 ms.
Unloading 890 Unused Serialized files (Serialized files now loaded: 0)
System memory in use before: 82.6 MB.
System memory in use after: 80.0 MB.

Unloading 111 unused Assets to reduce memory usage. Loaded Objects now: 2905.
Total: 3.235500 ms (FindLiveObjects: 0.241300 ms CreateObjectMapping: 0.155200 ms MarkObjects: 1.844100 ms  DeleteObjects: 0.994000 ms)

========================================================================
Received Prepare
Registering precompiled user dll's ...
Registered in 0.006284 seconds.
Begin MonoManager ReloadAssembly
Native extension for WindowsStandalone target not found
Refreshing native plugins compatible for Editor in 0.93 ms, found 3 plugins.
Preloading 0 native plugins for Editor in 0.00 ms.
Invoked RoslynAnalysisRunner static constructor.
RoslynAnalysisRunner will not be running.
RoslynAnalysisRunner has terminated.
RefreshInfo: StopAssetImportingV2(NoUpdateAssetOptions) scanfilter: 
RefreshProfiler: Total: 0.000ms
Mono: successfully reloaded assembly
- Completed reload, in  0.944 seconds
Platform modules already initialized, skipping
Refreshing native plugins compatible for Editor in 1.50 ms, found 3 plugins.
Preloading 0 native plugins for Editor in 0.00 ms.
Unloading 890 Unused Serialized files (Serialized files now loaded: 0)
System memory in use before: 82.6 MB.
System memory in use after: 80.0 MB.

Unloading 111 unused Assets to reduce memory usage. Loaded Objects now: 2909.
Total: 4.133400 ms (FindLiveObjects: 0.354800 ms CreateObjectMapping: 0.260500 ms MarkObjects: 2.290900 ms  DeleteObjects: 1.225100 ms)

========================================================================
Received Prepare
Registering precompiled user dll's ...
Registered in 0.005015 seconds.
Begin MonoManager ReloadAssembly
Native extension for WindowsStandalone target not found
Refreshing native plugins compatible for Editor in 0.91 ms, found 3 plugins.
Preloading 0 native plugins for Editor in 0.00 ms.
Invoked RoslynAnalysisRunner static constructor.
RoslynAnalysisRunner will not be running.
RoslynAnalysisRunner has terminated.
RefreshInfo: StopAssetImportingV2(NoUpdateAssetOptions) scanfilter: 
RefreshProfiler: Total: 0.000ms
Mono: successfully reloaded assembly
- Completed reload, in  0.950 seconds
Platform modules already initialized, skipping
Refreshing native plugins compatible for Editor in 1.45 ms, found 3 plugins.
Preloading 0 native plugins for Editor in 0.00 ms.
Unloading 890 Unused Serialized files (Serialized files now loaded: 0)
System memory in use before: 82.5 MB.
System memory in use after: 80.0 MB.

Unloading 111 unused Assets to reduce memory usage. Loaded Objects now: 2913.
Total: 3.944900 ms (FindLiveObjects: 0.355300 ms CreateObjectMapping: 0.228000 ms MarkObjects: 2.193600 ms  DeleteObjects: 1.166900 ms)

========================================================================
Received Prepare
Registering precompiled user dll's ...
Registered in 0.005211 seconds.
Begin MonoManager ReloadAssembly
Native extension for WindowsStandalone target not found
Refreshing native plugins compatible for Editor in 0.99 ms, found 3 plugins.
Preloading 0 native plugins for Editor in 0.00 ms.
Invoked RoslynAnalysisRunner static constructor.
RoslynAnalysisRunner will not be running.
RoslynAnalysisRunner has terminated.
RefreshInfo: StopAssetImportingV2(NoUpdateAssetOptions) scanfilter: 
RefreshProfiler: Total: 0.000ms
Mono: successfully reloaded assembly
- Completed reload, in  1.066 seconds
Platform modules already initialized, skipping
Refreshing native plugins compatible for Editor in 1.51 ms, found 3 plugins.
Preloading 0 native plugins for Editor in 0.00 ms.
Unloading 890 Unused Serialized files (Serialized files now loaded: 0)
System memory in use before: 82.6 MB.
System memory in use after: 80.0 MB.

Unloading 111 unused Assets to reduce memory usage. Loaded Objects now: 2917.
Total: 3.185100 ms (FindLiveObjects: 0.249000 ms CreateObjectMapping: 0.193700 ms MarkObjects: 1.713800 ms  DeleteObjects: 1.027600 ms)

========================================================================
Received Prepare
Registering precompiled user dll's ...
Registered in 5.778651 seconds.
Begin MonoManager ReloadAssembly
Native extension for WindowsStandalone target not found
Refreshing native plugins compatible for Editor in 1.10 ms, found 3 plugins.
Preloading 0 native plugins for Editor in 0.00 ms.
Invoked RoslynAnalysisRunner static constructor.
RoslynAnalysisRunner will not be running.
RoslynAnalysisRunner has terminated.
RefreshInfo: StopAssetImportingV2(NoUpdateAssetOptions) scanfilter: 
RefreshProfiler: Total: 0.000ms
Mono: successfully reloaded assembly
- Completed reload, in  1.927 seconds
Platform modules already initialized, skipping
Refreshing native plugins compatible for Editor in 1.40 ms, found 3 plugins.
Preloading 0 native plugins for Editor in 0.00 ms.
Unloading 890 Unused Serialized files (Serialized files now loaded: 0)
System memory in use before: 82.5 MB.
System memory in use after: 79.9 MB.

Unloading 111 unused Assets to reduce memory usage. Loaded Objects now: 2921.
Total: 4.451700 ms (FindLiveObjects: 0.332700 ms CreateObjectMapping: 0.239600 ms MarkObjects: 2.647300 ms  DeleteObjects: 1.229700 ms)

========================================================================
Received Prepare
Registering precompiled user dll's ...
Registered in 0.005481 seconds.
Begin MonoManager ReloadAssembly
Native extension for WindowsStandalone target not found
Refreshing native plugins compatible for Editor in 0.92 ms, found 3 plugins.
Preloading 0 native plugins for Editor in 0.00 ms.
Invoked RoslynAnalysisRunner static constructor.
RoslynAnalysisRunner will not be running.
RoslynAnalysisRunner has terminated.
RefreshInfo: StopAssetImportingV2(NoUpdateAssetOptions) scanfilter: 
RefreshProfiler: Total: 0.000ms
Mono: successfully reloaded assembly
- Completed reload, in  1.064 seconds
Platform modules already initialized, skipping
Refreshing native plugins compatible for Editor in 1.44 ms, found 3 plugins.
Preloading 0 native plugins for Editor in 0.00 ms.
Unloading 890 Unused Serialized files (Serialized files now loaded: 0)
System memory in use before: 82.6 MB.
System memory in use after: 80.0 MB.

Unloading 111 unused Assets to reduce memory usage. Loaded Objects now: 2925.
Total: 3.663800 ms (FindLiveObjects: 0.270800 ms CreateObjectMapping: 0.190300 ms MarkObjects: 2.135100 ms  DeleteObjects: 1.066400 ms)

AssetImportWorkerClient::OnTransportError - code=2 error=End of file
